{"meta": {"format": 3, "version": "7.11.3", "timestamp": "2025-11-17T18:31:42.330453", "branch_coverage": false, "show_contexts": false}, "files": {"an_fsq7_simulator\\__init__.py": {"executed_lines": [1], "summary": {"covered_lines": 0, "num_statements": 0, "percent_covered": 100.0, "percent_covered_display": "100", "missing_lines": 0, "excluded_lines": 0}, "missing_lines": [], "excluded_lines": [], "functions": {"": {"executed_lines": [1], "summary": {"covered_lines": 0, "num_statements": 0, "percent_covered": 100.0, "percent_covered_display": "100", "missing_lines": 0, "excluded_lines": 0}, "missing_lines": [], "excluded_lines": []}}, "classes": {"": {"executed_lines": [1], "summary": {"covered_lines": 0, "num_statements": 0, "percent_covered": 100.0, "percent_covered_display": "100", "missing_lines": 0, "excluded_lines": 0}, "missing_lines": [], "excluded_lines": []}}}, "an_fsq7_simulator\\components_v2\\__init__.py": {"executed_lines": [], "summary": {"covered_lines": 0, "num_statements": 18, "percent_covered": 0.0, "percent_covered_display": "0", "missing_lines": 18, "excluded_lines": 0}, "missing_lines": [8, 9, 10, 11, 12, 13, 14, 15, 16, 17, 18, 19, 20, 21, 22, 23, 24, 26], "excluded_lines": [], "functions": {"": {"executed_lines": [], "summary": {"covered_lines": 0, "num_statements": 18, "percent_covered": 0.0, "percent_covered_display": "0", "missing_lines": 18, "excluded_lines": 0}, "missing_lines": [8, 9, 10, 11, 12, 13, 14, 15, 16, 17, 18, 19, 20, 21, 22, 23, 24, 26], "excluded_lines": []}}, "classes": {"": {"executed_lines": [], "summary": {"covered_lines": 0, "num_statements": 18, "percent_covered": 0.0, "percent_covered_display": "0", "missing_lines": 18, "excluded_lines": 0}, "missing_lines": [8, 9, 10, 11, 12, 13, 14, 15, 16, 17, 18, 19, 20, 21, 22, 23, 24, 26], "excluded_lines": []}}}, "an_fsq7_simulator\\components_v2\\crt_effects.py": {"executed_lines": [], "summary": {"covered_lines": 0, "num_statements": 6, "percent_covered": 0.0, "percent_covered_display": "0", "missing_lines": 6, "excluded_lines": 0}, "missing_lines": [12, 127, 129, 130, 132, 137], "excluded_lines": [], "functions": {"load_crt_script": {"executed_lines": [], "summary": {"covered_lines": 0, "num_statements": 2, "percent_covered": 0.0, "percent_covered_display": "0", "missing_lines": 2, "excluded_lines": 0}, "missing_lines": [129, 130], "excluded_lines": []}, "get_crt_radar_html": {"executed_lines": [], "summary": {"covered_lines": 0, "num_statements": 1, "percent_covered": 0.0, "percent_covered_display": "0", "missing_lines": 1, "excluded_lines": 0}, "missing_lines": [137], "excluded_lines": []}, "": {"executed_lines": [], "summary": {"covered_lines": 0, "num_statements": 3, "percent_covered": 0.0, "percent_covered_display": "0", "missing_lines": 3, "excluded_lines": 0}, "missing_lines": [12, 127, 132], "excluded_lines": []}}, "classes": {"": {"executed_lines": [], "summary": {"covered_lines": 0, "num_statements": 6, "percent_covered": 0.0, "percent_covered_display": "0", "missing_lines": 6, "excluded_lines": 0}, "missing_lines": [12, 127, 129, 130, 132, 137], "excluded_lines": []}}}, "an_fsq7_simulator\\components_v2\\execution_trace_panel.py": {"executed_lines": [], "summary": {"covered_lines": 0, "num_statements": 19, "percent_covered": 0.0, "percent_covered_display": "0", "missing_lines": 19, "excluded_lines": 2}, "missing_lines": [14, 15, 16, 22, 24, 64, 66, 116, 122, 156, 158, 165, 167, 209, 215, 243, 257, 337, 339], "excluded_lines": [18, 19], "functions": {"execution_step_row": {"executed_lines": [], "summary": {"covered_lines": 0, "num_statements": 1, "percent_covered": 0.0, "percent_covered_display": "0", "missing_lines": 1, "excluded_lines": 0}, "missing_lines": [24], "excluded_lines": []}, "register_view": {"executed_lines": [], "summary": {"covered_lines": 0, "num_statements": 1, "percent_covered": 0.0, "percent_covered_display": "0", "missing_lines": 1, "excluded_lines": 0}, "missing_lines": [66], "excluded_lines": []}, "speed_controls": {"executed_lines": [], "summary": {"covered_lines": 0, "num_statements": 1, "percent_covered": 0.0, "percent_covered_display": "0", "missing_lines": 1, "excluded_lines": 0}, "missing_lines": [122], "excluded_lines": []}, "program_header": {"executed_lines": [], "summary": {"covered_lines": 0, "num_statements": 3, "percent_covered": 0.0, "percent_covered_display": "0", "missing_lines": 3, "excluded_lines": 0}, "missing_lines": [158, 165, 167], "excluded_lines": []}, "final_result_banner": {"executed_lines": [], "summary": {"covered_lines": 0, "num_statements": 1, "percent_covered": 0.0, "percent_covered_display": "0", "missing_lines": 1, "excluded_lines": 0}, "missing_lines": [215], "excluded_lines": []}, "execution_trace_panel": {"executed_lines": [], "summary": {"covered_lines": 0, "num_statements": 1, "percent_covered": 0.0, "percent_covered_display": "0", "missing_lines": 1, "excluded_lines": 0}, "missing_lines": [257], "excluded_lines": []}, "execution_trace_panel_compact": {"executed_lines": [], "summary": {"covered_lines": 0, "num_statements": 1, "percent_covered": 0.0, "percent_covered_display": "0", "missing_lines": 1, "excluded_lines": 0}, "missing_lines": [339], "excluded_lines": []}, "": {"executed_lines": [], "summary": {"covered_lines": 0, "num_statements": 10, "percent_covered": 0.0, "percent_covered_display": "0", "missing_lines": 10, "excluded_lines": 2}, "missing_lines": [14, 15, 16, 22, 64, 116, 156, 209, 243, 337], "excluded_lines": [18, 19]}}, "classes": {"": {"executed_lines": [], "summary": {"covered_lines": 0, "num_statements": 19, "percent_covered": 0.0, "percent_covered_display": "0", "missing_lines": 19, "excluded_lines": 2}, "missing_lines": [14, 15, 16, 22, 24, 64, 66, 116, 122, 156, 158, 165, 167, 209, 215, 243, 257, 337, 339], "excluded_lines": [18, 19]}}}, "an_fsq7_simulator\\components_v2\\geographic_overlays.py": {"executed_lines": [], "summary": {"covered_lines": 0, "num_statements": 39, "percent_covered": 0.0, "percent_covered_display": "0", "missing_lines": 39, "excluded_lines": 0}, "missing_lines": [15, 16, 19, 20, 22, 23, 24, 27, 28, 30, 31, 32, 38, 77, 135, 148, 161, 169, 178, 192, 198, 199, 201, 203, 204, 206, 208, 209, 211, 213, 214, 216, 218, 219, 221, 223, 224, 229, 260], "excluded_lines": [], "functions": {"GeographicOverlays.get_coastlines": {"executed_lines": [], "summary": {"covered_lines": 0, "num_statements": 1, "percent_covered": 0.0, "percent_covered_display": "0", "missing_lines": 1, "excluded_lines": 0}, "missing_lines": [201], "excluded_lines": []}, "GeographicOverlays.get_cities": {"executed_lines": [], "summary": {"covered_lines": 0, "num_statements": 1, "percent_covered": 0.0, "percent_covered_display": "0", "missing_lines": 1, "excluded_lines": 0}, "missing_lines": [206], "excluded_lines": []}, "GeographicOverlays.get_range_rings": {"executed_lines": [], "summary": {"covered_lines": 0, "num_statements": 1, "percent_covered": 0.0, "percent_covered_display": "0", "missing_lines": 1, "excluded_lines": 0}, "missing_lines": [211], "excluded_lines": []}, "GeographicOverlays.get_bearing_markers": {"executed_lines": [], "summary": {"covered_lines": 0, "num_statements": 1, "percent_covered": 0.0, "percent_covered_display": "0", "missing_lines": 1, "excluded_lines": 0}, "missing_lines": [216], "excluded_lines": []}, "GeographicOverlays.get_sector_boundaries": {"executed_lines": [], "summary": {"covered_lines": 0, "num_statements": 1, "percent_covered": 0.0, "percent_covered_display": "0", "missing_lines": 1, "excluded_lines": 0}, "missing_lines": [221], "excluded_lines": []}, "GeographicOverlays.to_json": {"executed_lines": [], "summary": {"covered_lines": 0, "num_statements": 1, "percent_covered": 0.0, "percent_covered_display": "0", "missing_lines": 1, "excluded_lines": 0}, "missing_lines": [229], "excluded_lines": []}, "": {"executed_lines": [], "summary": {"covered_lines": 0, "num_statements": 33, "percent_covered": 0.0, "percent_covered_display": "0", "missing_lines": 33, "excluded_lines": 0}, "missing_lines": [15, 16, 19, 20, 22, 23, 24, 27, 28, 30, 31, 32, 38, 77, 135, 148, 161, 169, 178, 192, 198, 199, 203, 204, 208, 209, 213, 214, 218, 219, 223, 224, 260], "excluded_lines": []}}, "classes": {"GeoPoint": {"executed_lines": [], "summary": {"covered_lines": 0, "num_statements": 0, "percent_covered": 100.0, "percent_covered_display": "100", "missing_lines": 0, "excluded_lines": 0}, "missing_lines": [], "excluded_lines": []}, "GeoPolyline": {"executed_lines": [], "summary": {"covered_lines": 0, "num_statements": 0, "percent_covered": 100.0, "percent_covered_display": "100", "missing_lines": 0, "excluded_lines": 0}, "missing_lines": [], "excluded_lines": []}, "GeographicOverlays": {"executed_lines": [], "summary": {"covered_lines": 0, "num_statements": 6, "percent_covered": 0.0, "percent_covered_display": "0", "missing_lines": 6, "excluded_lines": 0}, "missing_lines": [201, 206, 211, 216, 221, 229], "excluded_lines": []}, "": {"executed_lines": [], "summary": {"covered_lines": 0, "num_statements": 33, "percent_covered": 0.0, "percent_covered_display": "0", "missing_lines": 33, "excluded_lines": 0}, "missing_lines": [15, 16, 19, 20, 22, 23, 24, 27, 28, 30, 31, 32, 38, 77, 135, 148, 161, 169, 178, 192, 198, 199, 203, 204, 208, 209, 213, 214, 218, 219, 223, 224, 260], "excluded_lines": []}}}, "an_fsq7_simulator\\components_v2\\interceptor_panel.py": {"executed_lines": [], "summary": {"covered_lines": 0, "num_statements": 15, "percent_covered": 0.0, "percent_covered_display": "0", "missing_lines": 15, "excluded_lines": 0}, "missing_lines": [12, 13, 14, 17, 19, 27, 34, 36, 70, 74, 81, 83, 144, 150, 152], "excluded_lines": [], "functions": {"interceptor_status_badge": {"executed_lines": [], "summary": {"covered_lines": 0, "num_statements": 2, "percent_covered": 0.0, "percent_covered_display": "0", "missing_lines": 2, "excluded_lines": 0}, "missing_lines": [19, 27], "excluded_lines": []}, "fuel_gauge": {"executed_lines": [], "summary": {"covered_lines": 0, "num_statements": 1, "percent_covered": 0.0, "percent_covered_display": "0", "missing_lines": 1, "excluded_lines": 0}, "missing_lines": [36], "excluded_lines": []}, "interceptor_card": {"executed_lines": [], "summary": {"covered_lines": 0, "num_statements": 3, "percent_covered": 0.0, "percent_covered_display": "0", "missing_lines": 3, "excluded_lines": 0}, "missing_lines": [74, 81, 83], "excluded_lines": []}, "interceptor_panel": {"executed_lines": [], "summary": {"covered_lines": 0, "num_statements": 2, "percent_covered": 0.0, "percent_covered_display": "0", "missing_lines": 2, "excluded_lines": 0}, "missing_lines": [150, 152], "excluded_lines": []}, "": {"executed_lines": [], "summary": {"covered_lines": 0, "num_statements": 7, "percent_covered": 0.0, "percent_covered_display": "0", "missing_lines": 7, "excluded_lines": 0}, "missing_lines": [12, 13, 14, 17, 34, 70, 144], "excluded_lines": []}}, "classes": {"": {"executed_lines": [], "summary": {"covered_lines": 0, "num_statements": 15, "percent_covered": 0.0, "percent_covered_display": "0", "missing_lines": 15, "excluded_lines": 0}, "missing_lines": [12, 13, 14, 17, 19, 27, 34, 36, 70, 74, 81, 83, 144, 150, 152], "excluded_lines": []}}}, "an_fsq7_simulator\\components_v2\\light_gun.py": {"executed_lines": [], "summary": {"covered_lines": 0, "num_statements": 20, "percent_covered": 0.0, "percent_covered_display": "0", "missing_lines": 20, "excluded_lines": 0}, "missing_lines": [13, 14, 15, 18, 20, 34, 44, 69, 72, 81, 91, 257, 259, 260, 280, 281, 301, 304, 310, 373], "excluded_lines": [], "functions": {"crosshair_cursor": {"executed_lines": [], "summary": {"covered_lines": 0, "num_statements": 1, "percent_covered": 0.0, "percent_covered_display": "0", "missing_lines": 1, "excluded_lines": 0}, "missing_lines": [20], "excluded_lines": []}, "track_detail_panel": {"executed_lines": [], "summary": {"covered_lines": 0, "num_statements": 1, "percent_covered": 0.0, "percent_covered_display": "0", "missing_lines": 1, "excluded_lines": 0}, "missing_lines": [44], "excluded_lines": []}, "_track_detail_content": {"executed_lines": [], "summary": {"covered_lines": 0, "num_statements": 3, "percent_covered": 0.0, "percent_covered_display": "0", "missing_lines": 3, "excluded_lines": 0}, "missing_lines": [72, 81, 91], "excluded_lines": []}, "light_gun_status_indicator": {"executed_lines": [], "summary": {"covered_lines": 0, "num_statements": 5, "percent_covered": 0.0, "percent_covered_display": "0", "missing_lines": 5, "excluded_lines": 0}, "missing_lines": [259, 260, 280, 281, 301], "excluded_lines": []}, "light_gun_controls": {"executed_lines": [], "summary": {"covered_lines": 0, "num_statements": 1, "percent_covered": 0.0, "percent_covered_display": "0", "missing_lines": 1, "excluded_lines": 0}, "missing_lines": [310], "excluded_lines": []}, "": {"executed_lines": [], "summary": {"covered_lines": 0, "num_statements": 9, "percent_covered": 0.0, "percent_covered_display": "0", "missing_lines": 9, "excluded_lines": 0}, "missing_lines": [13, 14, 15, 18, 34, 69, 257, 304, 373], "excluded_lines": []}}, "classes": {"": {"executed_lines": [], "summary": {"covered_lines": 0, "num_statements": 20, "percent_covered": 0.0, "percent_covered_display": "0", "missing_lines": 20, "excluded_lines": 0}, "missing_lines": [13, 14, 15, 18, 20, 34, 44, 69, 72, 81, 91, 257, 259, 260, 280, 281, 301, 304, 310, 373], "excluded_lines": []}}}, "an_fsq7_simulator\\components_v2\\network_stations.py": {"executed_lines": [], "summary": {"covered_lines": 0, "num_statements": 30, "percent_covered": 0.0, "percent_covered_display": "0", "missing_lines": 30, "excluded_lines": 0}, "missing_lines": [15, 16, 17, 20, 21, 23, 24, 25, 26, 27, 28, 29, 30, 34, 54, 70, 90, 100, 110, 120, 154, 156, 159, 161, 162, 163, 164, 167, 169, 273], "excluded_lines": [], "functions": {"get_stations_by_type": {"executed_lines": [], "summary": {"covered_lines": 0, "num_statements": 1, "percent_covered": 0.0, "percent_covered_display": "0", "missing_lines": 1, "excluded_lines": 0}, "missing_lines": [156], "excluded_lines": []}, "get_station_by_id": {"executed_lines": [], "summary": {"covered_lines": 0, "num_statements": 4, "percent_covered": 0.0, "percent_covered_display": "0", "missing_lines": 4, "excluded_lines": 0}, "missing_lines": [161, 162, 163, 164], "excluded_lines": []}, "network_legend_panel": {"executed_lines": [], "summary": {"covered_lines": 0, "num_statements": 1, "percent_covered": 0.0, "percent_covered_display": "0", "missing_lines": 1, "excluded_lines": 0}, "missing_lines": [169], "excluded_lines": []}, "": {"executed_lines": [], "summary": {"covered_lines": 0, "num_statements": 24, "percent_covered": 0.0, "percent_covered_display": "0", "missing_lines": 24, "excluded_lines": 0}, "missing_lines": [15, 16, 17, 20, 21, 23, 24, 25, 26, 27, 28, 29, 30, 34, 54, 70, 90, 100, 110, 120, 154, 159, 167, 273], "excluded_lines": []}}, "classes": {"RadarStation": {"executed_lines": [], "summary": {"covered_lines": 0, "num_statements": 0, "percent_covered": 100.0, "percent_covered_display": "100", "missing_lines": 0, "excluded_lines": 0}, "missing_lines": [], "excluded_lines": []}, "": {"executed_lines": [], "summary": {"covered_lines": 0, "num_statements": 30, "percent_covered": 0.0, "percent_covered_display": "0", "missing_lines": 30, "excluded_lines": 0}, "missing_lines": [15, 16, 17, 20, 21, 23, 24, 25, 26, 27, 28, 29, 30, 34, 54, 70, 90, 100, 110, 120, 154, 156, 159, 161, 162, 163, 164, 167, 169, 273], "excluded_lines": []}}}, "an_fsq7_simulator\\components_v2\\operator_workflow.py": {"executed_lines": [], "summary": {"covered_lines": 0, "num_statements": 44, "percent_covered": 0.0, "percent_covered_display": "0", "missing_lines": 44, "excluded_lines": 0}, "missing_lines": [13, 14, 15, 18, 19, 24, 25, 26, 27, 28, 29, 33, 72, 77, 78, 80, 98, 100, 103, 104, 105, 106, 107, 108, 109, 110, 112, 113, 114, 116, 159, 164, 166, 230, 232, 281, 283, 350, 352, 450, 452, 527, 529, 611], "excluded_lines": [], "functions": {"workflow_progress_bar": {"executed_lines": [], "summary": {"covered_lines": 0, "num_statements": 3, "percent_covered": 0.0, "percent_covered_display": "0", "missing_lines": 3, "excluded_lines": 0}, "missing_lines": [77, 78, 80], "excluded_lines": []}, "workflow_step_indicator": {"executed_lines": [], "summary": {"covered_lines": 0, "num_statements": 13, "percent_covered": 0.0, "percent_covered_display": "0", "missing_lines": 13, "excluded_lines": 0}, "missing_lines": [100, 103, 104, 105, 106, 107, 108, 109, 110, 112, 113, 114, 116], "excluded_lines": []}, "unified_action_panel": {"executed_lines": [], "summary": {"covered_lines": 0, "num_statements": 2, "percent_covered": 0.0, "percent_covered_display": "0", "missing_lines": 2, "excluded_lines": 0}, "missing_lines": [164, 166], "excluded_lines": []}, "detect_content": {"executed_lines": [], "summary": {"covered_lines": 0, "num_statements": 1, "percent_covered": 0.0, "percent_covered_display": "0", "missing_lines": 1, "excluded_lines": 0}, "missing_lines": [232], "excluded_lines": []}, "inspect_content": {"executed_lines": [], "summary": {"covered_lines": 0, "num_statements": 1, "percent_covered": 0.0, "percent_covered_display": "0", "missing_lines": 1, "excluded_lines": 0}, "missing_lines": [283], "excluded_lines": []}, "designate_content": {"executed_lines": [], "summary": {"covered_lines": 0, "num_statements": 1, "percent_covered": 0.0, "percent_covered_display": "0", "missing_lines": 1, "excluded_lines": 0}, "missing_lines": [352], "excluded_lines": []}, "assign_content": {"executed_lines": [], "summary": {"covered_lines": 0, "num_statements": 1, "percent_covered": 0.0, "percent_covered_display": "0", "missing_lines": 1, "excluded_lines": 0}, "missing_lines": [452], "excluded_lines": []}, "confirm_content": {"executed_lines": [], "summary": {"covered_lines": 0, "num_statements": 1, "percent_covered": 0.0, "percent_covered_display": "0", "missing_lines": 1, "excluded_lines": 0}, "missing_lines": [529], "excluded_lines": []}, "": {"executed_lines": [], "summary": {"covered_lines": 0, "num_statements": 21, "percent_covered": 0.0, "percent_covered_display": "0", "missing_lines": 21, "excluded_lines": 0}, "missing_lines": [13, 14, 15, 18, 19, 24, 25, 26, 27, 28, 29, 33, 72, 98, 159, 230, 281, 350, 450, 527, 611], "excluded_lines": []}}, "classes": {"OperatorWorkflowState": {"executed_lines": [], "summary": {"covered_lines": 0, "num_statements": 0, "percent_covered": 100.0, "percent_covered_display": "100", "missing_lines": 0, "excluded_lines": 0}, "missing_lines": [], "excluded_lines": []}, "": {"executed_lines": [], "summary": {"covered_lines": 0, "num_statements": 44, "percent_covered": 0.0, "percent_covered_display": "0", "missing_lines": 44, "excluded_lines": 0}, "missing_lines": [13, 14, 15, 18, 19, 24, 25, 26, 27, 28, 29, 33, 72, 77, 78, 80, 98, 100, 103, 104, 105, 106, 107, 108, 109, 110, 112, 113, 114, 116, 159, 164, 166, 230, 232, 281, 283, 350, 352, 450, 452, 527, 529, 611], "excluded_lines": []}}}, "an_fsq7_simulator\\components_v2\\performance_test.py": {"executed_lines": [], "summary": {"covered_lines": 0, "num_statements": 52, "percent_covered": 0.0, "percent_covered_display": "0", "missing_lines": 52, "excluded_lines": 0}, "missing_lines": [16, 17, 18, 19, 22, 23, 25, 26, 27, 28, 29, 30, 31, 32, 36, 94, 95, 97, 98, 99, 100, 101, 102, 103, 104, 107, 111, 169, 172, 179, 181, 217, 223, 225, 351, 353, 380, 385, 390, 392, 501, 503, 516, 518, 519, 520, 521, 522, 523, 524, 525, 527], "excluded_lines": [], "functions": {"performance_test_menu": {"executed_lines": [], "summary": {"covered_lines": 0, "num_statements": 1, "percent_covered": 0.0, "percent_covered_display": "0", "missing_lines": 1, "excluded_lines": 0}, "missing_lines": [111], "excluded_lines": []}, "performance_test_button": {"executed_lines": [], "summary": {"covered_lines": 0, "num_statements": 3, "percent_covered": 0.0, "percent_covered_display": "0", "missing_lines": 3, "excluded_lines": 0}, "missing_lines": [172, 179, 181], "excluded_lines": []}, "performance_metrics_overlay": {"executed_lines": [], "summary": {"covered_lines": 0, "num_statements": 2, "percent_covered": 0.0, "percent_covered_display": "0", "missing_lines": 2, "excluded_lines": 0}, "missing_lines": [223, 225], "excluded_lines": []}, "metric_box": {"executed_lines": [], "summary": {"covered_lines": 0, "num_statements": 1, "percent_covered": 0.0, "percent_covered_display": "0", "missing_lines": 1, "excluded_lines": 0}, "missing_lines": [353], "excluded_lines": []}, "performance_test_results": {"executed_lines": [], "summary": {"covered_lines": 0, "num_statements": 3, "percent_covered": 0.0, "percent_covered_display": "0", "missing_lines": 3, "excluded_lines": 0}, "missing_lines": [385, 390, 392], "excluded_lines": []}, "result_row": {"executed_lines": [], "summary": {"covered_lines": 0, "num_statements": 1, "percent_covered": 0.0, "percent_covered_display": "0", "missing_lines": 1, "excluded_lines": 0}, "missing_lines": [503], "excluded_lines": []}, "get_recommendations": {"executed_lines": [], "summary": {"covered_lines": 0, "num_statements": 9, "percent_covered": 0.0, "percent_covered_display": "0", "missing_lines": 9, "excluded_lines": 0}, "missing_lines": [518, 519, 520, 521, 522, 523, 524, 525, 527], "excluded_lines": []}, "": {"executed_lines": [], "summary": {"covered_lines": 0, "num_statements": 32, "percent_covered": 0.0, "percent_covered_display": "0", "missing_lines": 32, "excluded_lines": 0}, "missing_lines": [16, 17, 18, 19, 22, 23, 25, 26, 27, 28, 29, 30, 31, 32, 36, 94, 95, 97, 98, 99, 100, 101, 102, 103, 104, 107, 169, 217, 351, 380, 501, 516], "excluded_lines": []}}, "classes": {"PerformanceTestConfig": {"executed_lines": [], "summary": {"covered_lines": 0, "num_statements": 0, "percent_covered": 100.0, "percent_covered_display": "100", "missing_lines": 0, "excluded_lines": 0}, "missing_lines": [], "excluded_lines": []}, "PerformanceMetrics": {"executed_lines": [], "summary": {"covered_lines": 0, "num_statements": 0, "percent_covered": 100.0, "percent_covered_display": "100", "missing_lines": 0, "excluded_lines": 0}, "missing_lines": [], "excluded_lines": []}, "": {"executed_lines": [], "summary": {"covered_lines": 0, "num_statements": 52, "percent_covered": 0.0, "percent_covered_display": "0", "missing_lines": 52, "excluded_lines": 0}, "missing_lines": [16, 17, 18, 19, 22, 23, 25, 26, 27, 28, 29, 30, 31, 32, 36, 94, 95, 97, 98, 99, 100, 101, 102, 103, 104, 107, 111, 169, 172, 179, 181, 217, 223, 225, 351, 353, 380, 385, 390, 392, 501, 503, 516, 518, 519, 520, 521, 522, 523, 524, 525, 527], "excluded_lines": []}}}, "an_fsq7_simulator\\components_v2\\radar_inline_js.py": {"executed_lines": [], "summary": {"covered_lines": 0, "num_statements": 1, "percent_covered": 0.0, "percent_covered_display": "0", "missing_lines": 1, "excluded_lines": 0}, "missing_lines": [6], "excluded_lines": [], "functions": {"": {"executed_lines": [], "summary": {"covered_lines": 0, "num_statements": 1, "percent_covered": 0.0, "percent_covered_display": "0", "missing_lines": 1, "excluded_lines": 0}, "missing_lines": [6], "excluded_lines": []}}, "classes": {"": {"executed_lines": [], "summary": {"covered_lines": 0, "num_statements": 1, "percent_covered": 0.0, "percent_covered_display": "0", "missing_lines": 1, "excluded_lines": 0}, "missing_lines": [6], "excluded_lines": []}}}, "an_fsq7_simulator\\components_v2\\radar_scope.py": {"executed_lines": [], "summary": {"covered_lines": 0, "num_statements": 13, "percent_covered": 0.0, "percent_covered_display": "0", "missing_lines": 13, "excluded_lines": 0}, "missing_lines": [18, 436, 450, 455, 458, 463, 466, 472, 491, 496, 510, 515, 533], "excluded_lines": [], "functions": {"get_radar_scope_html": {"executed_lines": [], "summary": {"covered_lines": 0, "num_statements": 1, "percent_covered": 0.0, "percent_covered_display": "0", "missing_lines": 1, "excluded_lines": 0}, "missing_lines": [455], "excluded_lines": []}, "get_radar_scope_javascript": {"executed_lines": [], "summary": {"covered_lines": 0, "num_statements": 1, "percent_covered": 0.0, "percent_covered_display": "0", "missing_lines": 1, "excluded_lines": 0}, "missing_lines": [463], "excluded_lines": []}, "get_radar_scope_init_script": {"executed_lines": [], "summary": {"covered_lines": 0, "num_statements": 1, "percent_covered": 0.0, "percent_covered_display": "0", "missing_lines": 1, "excluded_lines": 0}, "missing_lines": [472], "excluded_lines": []}, "create_radar_scope_component": {"executed_lines": [], "summary": {"covered_lines": 0, "num_statements": 1, "percent_covered": 0.0, "percent_covered_display": "0", "missing_lines": 1, "excluded_lines": 0}, "missing_lines": [496], "excluded_lines": []}, "radar_update_script": {"executed_lines": [], "summary": {"covered_lines": 0, "num_statements": 1, "percent_covered": 0.0, "percent_covered_display": "0", "missing_lines": 1, "excluded_lines": 0}, "missing_lines": [515], "excluded_lines": []}, "": {"executed_lines": [], "summary": {"covered_lines": 0, "num_statements": 8, "percent_covered": 0.0, "percent_covered_display": "0", "missing_lines": 8, "excluded_lines": 0}, "missing_lines": [18, 436, 450, 458, 466, 491, 510, 533], "excluded_lines": []}}, "classes": {"": {"executed_lines": [], "summary": {"covered_lines": 0, "num_statements": 13, "percent_covered": 0.0, "percent_covered_display": "0", "missing_lines": 13, "excluded_lines": 0}, "missing_lines": [18, 436, 450, 455, 458, 463, 466, 472, 491, 496, 510, 515, 533], "excluded_lines": []}}}, "an_fsq7_simulator\\components_v2\\radar_scope_native.py": {"executed_lines": [], "summary": {"covered_lines": 0, "num_statements": 3, "percent_covered": 0.0, "percent_covered_display": "0", "missing_lines": 3, "excluded_lines": 0}, "missing_lines": [7, 10, 17], "excluded_lines": [], "functions": {"radar_scope_with_init": {"executed_lines": [], "summary": {"covered_lines": 0, "num_statements": 1, "percent_covered": 0.0, "percent_covered_display": "0", "missing_lines": 1, "excluded_lines": 0}, "missing_lines": [17], "excluded_lines": []}, "": {"executed_lines": [], "summary": {"covered_lines": 0, "num_statements": 2, "percent_covered": 0.0, "percent_covered_display": "0", "missing_lines": 2, "excluded_lines": 0}, "missing_lines": [7, 10], "excluded_lines": []}}, "classes": {"": {"executed_lines": [], "summary": {"covered_lines": 0, "num_statements": 3, "percent_covered": 0.0, "percent_covered_display": "0", "missing_lines": 3, "excluded_lines": 0}, "missing_lines": [7, 10, 17], "excluded_lines": []}}}, "an_fsq7_simulator\\components_v2\\safe_actions.py": {"executed_lines": [], "summary": {"covered_lines": 0, "num_statements": 29, "percent_covered": 0.0, "percent_covered_display": "0", "missing_lines": 29, "excluded_lines": 0}, "missing_lines": [15, 16, 17, 18, 21, 22, 24, 25, 26, 27, 28, 29, 33, 87, 97, 100, 106, 108, 260, 265, 345, 350, 392, 394, 441, 452, 462, 493, 525], "excluded_lines": [], "functions": {"confirmation_dialog": {"executed_lines": [], "summary": {"covered_lines": 0, "num_statements": 4, "percent_covered": 0.0, "percent_covered_display": "0", "missing_lines": 4, "excluded_lines": 0}, "missing_lines": [97, 100, 106, 108], "excluded_lines": []}, "undo_toast": {"executed_lines": [], "summary": {"covered_lines": 0, "num_statements": 1, "percent_covered": 0.0, "percent_covered_display": "0", "missing_lines": 1, "excluded_lines": 0}, "missing_lines": [265], "excluded_lines": []}, "undo_history_panel": {"executed_lines": [], "summary": {"covered_lines": 0, "num_statements": 1, "percent_covered": 0.0, "percent_covered_display": "0", "missing_lines": 1, "excluded_lines": 0}, "missing_lines": [350], "excluded_lines": []}, "undo_history_row": {"executed_lines": [], "summary": {"covered_lines": 0, "num_statements": 1, "percent_covered": 0.0, "percent_covered_display": "0", "missing_lines": 1, "excluded_lines": 0}, "missing_lines": [394], "excluded_lines": []}, "safe_action_wrapper": {"executed_lines": [], "summary": {"covered_lines": 0, "num_statements": 1, "percent_covered": 0.0, "percent_covered_display": "0", "missing_lines": 1, "excluded_lines": 0}, "missing_lines": [452], "excluded_lines": []}, "example_safe_launch": {"executed_lines": [], "summary": {"covered_lines": 0, "num_statements": 1, "percent_covered": 0.0, "percent_covered_display": "0", "missing_lines": 1, "excluded_lines": 0}, "missing_lines": [525], "excluded_lines": []}, "": {"executed_lines": [], "summary": {"covered_lines": 0, "num_statements": 20, "percent_covered": 0.0, "percent_covered_display": "0", "missing_lines": 20, "excluded_lines": 0}, "missing_lines": [15, 16, 17, 18, 21, 22, 24, 25, 26, 27, 28, 29, 33, 87, 260, 345, 392, 441, 462, 493], "excluded_lines": []}}, "classes": {"PendingAction": {"executed_lines": [], "summary": {"covered_lines": 0, "num_statements": 0, "percent_covered": 100.0, "percent_covered_display": "100", "missing_lines": 0, "excluded_lines": 0}, "missing_lines": [], "excluded_lines": []}, "": {"executed_lines": [], "summary": {"covered_lines": 0, "num_statements": 29, "percent_covered": 0.0, "percent_covered_display": "0", "missing_lines": 29, "excluded_lines": 0}, "missing_lines": [15, 16, 17, 18, 21, 22, 24, 25, 26, 27, 28, 29, 33, 87, 97, 100, 106, 108, 260, 265, 345, 350, 392, 394, 441, 452, 462, 493, 525], "excluded_lines": []}}}, "an_fsq7_simulator\\components_v2\\sage_documentation.py": {"executed_lines": [], "summary": {"covered_lines": 0, "num_statements": 11, "percent_covered": 0.0, "percent_covered_display": "0", "missing_lines": 11, "excluded_lines": 0}, "missing_lines": [12, 15, 20, 262, 264, 317, 319, 343, 348, 393, 397], "excluded_lines": [], "functions": {"sage_loop_documentation": {"executed_lines": [], "summary": {"covered_lines": 0, "num_statements": 1, "percent_covered": 0.0, "percent_covered_display": "0", "missing_lines": 1, "excluded_lines": 0}, "missing_lines": [20], "excluded_lines": []}, "sage_loop_step": {"executed_lines": [], "summary": {"covered_lines": 0, "num_statements": 1, "percent_covered": 0.0, "percent_covered_display": "0", "missing_lines": 1, "excluded_lines": 0}, "missing_lines": [264], "excluded_lines": []}, "innovation_point": {"executed_lines": [], "summary": {"covered_lines": 0, "num_statements": 1, "percent_covered": 0.0, "percent_covered_display": "0", "missing_lines": 1, "excluded_lines": 0}, "missing_lines": [319], "excluded_lines": []}, "sage_loop_quick_reference": {"executed_lines": [], "summary": {"covered_lines": 0, "num_statements": 1, "percent_covered": 0.0, "percent_covered_display": "0", "missing_lines": 1, "excluded_lines": 0}, "missing_lines": [348], "excluded_lines": []}, "first_time_welcome": {"executed_lines": [], "summary": {"covered_lines": 0, "num_statements": 1, "percent_covered": 0.0, "percent_covered_display": "0", "missing_lines": 1, "excluded_lines": 0}, "missing_lines": [397], "excluded_lines": []}, "": {"executed_lines": [], "summary": {"covered_lines": 0, "num_statements": 6, "percent_covered": 0.0, "percent_covered_display": "0", "missing_lines": 6, "excluded_lines": 0}, "missing_lines": [12, 15, 262, 317, 343, 393], "excluded_lines": []}}, "classes": {"": {"executed_lines": [], "summary": {"covered_lines": 0, "num_statements": 11, "percent_covered": 0.0, "percent_covered_display": "0", "missing_lines": 11, "excluded_lines": 0}, "missing_lines": [12, 15, 20, 262, 264, 317, 319, 343, 348, 393, 397], "excluded_lines": []}}}, "an_fsq7_simulator\\components_v2\\scenario_debrief.py": {"executed_lines": [], "summary": {"covered_lines": 0, "num_statements": 32, "percent_covered": 0.0, "percent_covered_display": "0", "missing_lines": 32, "excluded_lines": 0}, "missing_lines": [16, 17, 20, 31, 32, 33, 35, 88, 91, 92, 97, 98, 99, 100, 102, 121, 132, 139, 140, 141, 142, 144, 152, 166, 170, 184, 198, 213, 219, 237, 261, 263], "excluded_lines": [], "functions": {"scenario_metrics_summary": {"executed_lines": [], "summary": {"covered_lines": 0, "num_statements": 4, "percent_covered": 0.0, "percent_covered_display": "0", "missing_lines": 4, "excluded_lines": 0}, "missing_lines": [31, 32, 33, 35], "excluded_lines": []}, "learning_moments_panel": {"executed_lines": [], "summary": {"covered_lines": 0, "num_statements": 8, "percent_covered": 0.0, "percent_covered_display": "0", "missing_lines": 8, "excluded_lines": 0}, "missing_lines": [91, 92, 97, 98, 99, 100, 102, 121], "excluded_lines": []}, "objectives_panel": {"executed_lines": [], "summary": {"covered_lines": 0, "num_statements": 6, "percent_covered": 0.0, "percent_covered_display": "0", "missing_lines": 6, "excluded_lines": 0}, "missing_lines": [139, 140, 141, 142, 144, 152], "excluded_lines": []}, "grade_panel": {"executed_lines": [], "summary": {"covered_lines": 0, "num_statements": 5, "percent_covered": 0.0, "percent_covered_display": "0", "missing_lines": 5, "excluded_lines": 0}, "missing_lines": [170, 184, 198, 213, 219], "excluded_lines": []}, "scenario_debrief_panel": {"executed_lines": [], "summary": {"covered_lines": 0, "num_statements": 2, "percent_covered": 0.0, "percent_covered_display": "0", "missing_lines": 2, "excluded_lines": 0}, "missing_lines": [261, 263], "excluded_lines": []}, "": {"executed_lines": [], "summary": {"covered_lines": 0, "num_statements": 7, "percent_covered": 0.0, "percent_covered_display": "0", "missing_lines": 7, "excluded_lines": 0}, "missing_lines": [16, 17, 20, 88, 132, 166, 237], "excluded_lines": []}}, "classes": {"": {"executed_lines": [], "summary": {"covered_lines": 0, "num_statements": 32, "percent_covered": 0.0, "percent_covered_display": "0", "missing_lines": 32, "excluded_lines": 0}, "missing_lines": [16, 17, 20, 31, 32, 33, 35, 88, 91, 92, 97, 98, 99, 100, 102, 121, 132, 139, 140, 141, 142, 144, 152, 166, 170, 184, 198, 213, 219, 237, 261, 263], "excluded_lines": []}}}, "an_fsq7_simulator\\components_v2\\scenario_selector.py": {"executed_lines": [], "summary": {"covered_lines": 0, "num_statements": 5, "percent_covered": 0.0, "percent_covered_display": "0", "missing_lines": 5, "excluded_lines": 0}, "missing_lines": [8, 9, 12, 28, 30], "excluded_lines": [], "functions": {"scenario_selector_panel": {"executed_lines": [], "summary": {"covered_lines": 0, "num_statements": 2, "percent_covered": 0.0, "percent_covered_display": "0", "missing_lines": 2, "excluded_lines": 0}, "missing_lines": [28, 30], "excluded_lines": []}, "": {"executed_lines": [], "summary": {"covered_lines": 0, "num_statements": 3, "percent_covered": 0.0, "percent_covered_display": "0", "missing_lines": 3, "excluded_lines": 0}, "missing_lines": [8, 9, 12], "excluded_lines": []}}, "classes": {"": {"executed_lines": [], "summary": {"covered_lines": 0, "num_statements": 5, "percent_covered": 0.0, "percent_covered_display": "0", "missing_lines": 5, "excluded_lines": 0}, "missing_lines": [8, 9, 12, 28, 30], "excluded_lines": []}}}, "an_fsq7_simulator\\components_v2\\scenarios_layered.py": {"executed_lines": [], "summary": {"covered_lines": 0, "num_statements": 47, "percent_covered": 0.0, "percent_covered_display": "0", "missing_lines": 47, "excluded_lines": 0}, "missing_lines": [16, 17, 18, 19, 20, 23, 25, 26, 27, 28, 31, 32, 36, 37, 38, 39, 40, 41, 42, 43, 44, 45, 46, 53, 96, 142, 185, 231, 275, 322, 366, 414, 471, 491, 493, 496, 498, 499, 500, 501, 505, 509, 552, 554, 561, 583, 585], "excluded_lines": [], "functions": {"get_scenarios_by_tier": {"executed_lines": [], "summary": {"covered_lines": 0, "num_statements": 1, "percent_covered": 0.0, "percent_covered_display": "0", "missing_lines": 1, "excluded_lines": 0}, "missing_lines": [493], "excluded_lines": []}, "get_scenario_by_id": {"executed_lines": [], "summary": {"covered_lines": 0, "num_statements": 4, "percent_covered": 0.0, "percent_covered_display": "0", "missing_lines": 4, "excluded_lines": 0}, "missing_lines": [498, 499, 500, 501], "excluded_lines": []}, "scenario_menu": {"executed_lines": [], "summary": {"covered_lines": 0, "num_statements": 1, "percent_covered": 0.0, "percent_covered_display": "0", "missing_lines": 1, "excluded_lines": 0}, "missing_lines": [509], "excluded_lines": []}, "scenario_button": {"executed_lines": [], "summary": {"covered_lines": 0, "num_statements": 2, "percent_covered": 0.0, "percent_covered_display": "0", "missing_lines": 2, "excluded_lines": 0}, "missing_lines": [554, 561], "excluded_lines": []}, "scenario_briefing": {"executed_lines": [], "summary": {"covered_lines": 0, "num_statements": 1, "percent_covered": 0.0, "percent_covered_display": "0", "missing_lines": 1, "excluded_lines": 0}, "missing_lines": [585], "excluded_lines": []}, "": {"executed_lines": [], "summary": {"covered_lines": 0, "num_statements": 38, "percent_covered": 0.0, "percent_covered_display": "0", "missing_lines": 38, "excluded_lines": 0}, "missing_lines": [16, 17, 18, 19, 20, 23, 25, 26, 27, 28, 31, 32, 36, 37, 38, 39, 40, 41, 42, 43, 44, 45, 46, 53, 96, 142, 185, 231, 275, 322, 366, 414, 471, 491, 496, 505, 552, 583], "excluded_lines": []}}, "classes": {"ScenarioTier": {"executed_lines": [], "summary": {"covered_lines": 0, "num_statements": 0, "percent_covered": 100.0, "percent_covered_display": "100", "missing_lines": 0, "excluded_lines": 0}, "missing_lines": [], "excluded_lines": []}, "Scenario": {"executed_lines": [], "summary": {"covered_lines": 0, "num_statements": 0, "percent_covered": 100.0, "percent_covered_display": "100", "missing_lines": 0, "excluded_lines": 0}, "missing_lines": [], "excluded_lines": []}, "": {"executed_lines": [], "summary": {"covered_lines": 0, "num_statements": 47, "percent_covered": 0.0, "percent_covered_display": "0", "missing_lines": 47, "excluded_lines": 0}, "missing_lines": [16, 17, 18, 19, 20, 23, 25, 26, 27, 28, 31, 32, 36, 37, 38, 39, 40, 41, 42, 43, 44, 45, 46, 53, 96, 142, 185, 231, 275, 322, 366, 414, 471, 491, 493, 496, 498, 499, 500, 501, 505, 509, 552, 554, 561, 583, 585], "excluded_lines": []}}}, "an_fsq7_simulator\\components_v2\\script_loader.py": {"executed_lines": [], "summary": {"covered_lines": 0, "num_statements": 7, "percent_covered": 0.0, "percent_covered_display": "0", "missing_lines": 7, "excluded_lines": 0}, "missing_lines": [6, 7, 10, 21, 28, 43, 48], "excluded_lines": [], "functions": {"load_external_script": {"executed_lines": [], "summary": {"covered_lines": 0, "num_statements": 2, "percent_covered": 0.0, "percent_covered_display": "0", "missing_lines": 2, "excluded_lines": 0}, "missing_lines": [21, 28], "excluded_lines": []}, "load_radar_scope": {"executed_lines": [], "summary": {"covered_lines": 0, "num_statements": 1, "percent_covered": 0.0, "percent_covered_display": "0", "missing_lines": 1, "excluded_lines": 0}, "missing_lines": [48], "excluded_lines": []}, "": {"executed_lines": [], "summary": {"covered_lines": 0, "num_statements": 4, "percent_covered": 0.0, "percent_covered_display": "0", "missing_lines": 4, "excluded_lines": 0}, "missing_lines": [6, 7, 10, 43], "excluded_lines": []}}, "classes": {"": {"executed_lines": [], "summary": {"covered_lines": 0, "num_statements": 7, "percent_covered": 0.0, "percent_covered_display": "0", "missing_lines": 7, "excluded_lines": 0}, "missing_lines": [6, 7, 10, 21, 28, 43, 48], "excluded_lines": []}}}, "an_fsq7_simulator\\components_v2\\sd_console.py": {"executed_lines": [], "summary": {"covered_lines": 0, "num_statements": 23, "percent_covered": 0.0, "percent_covered_display": "0", "missing_lines": 23, "excluded_lines": 0}, "missing_lines": [18, 19, 26, 35, 50, 51, 53, 59, 68, 84, 122, 131, 139, 185, 204, 291, 300, 350, 354, 397, 413, 444, 458], "excluded_lines": [], "functions": {"console_button": {"executed_lines": [], "summary": {"covered_lines": 0, "num_statements": 4, "percent_covered": 0.0, "percent_covered_display": "0", "missing_lines": 4, "excluded_lines": 0}, "missing_lines": [35, 50, 51, 53], "excluded_lines": []}, "category_select_panel": {"executed_lines": [], "summary": {"covered_lines": 0, "num_statements": 2, "percent_covered": 0.0, "percent_covered_display": "0", "missing_lines": 2, "excluded_lines": 0}, "missing_lines": [68, 84], "excluded_lines": []}, "feature_select_panel": {"executed_lines": [], "summary": {"covered_lines": 0, "num_statements": 2, "percent_covered": 0.0, "percent_covered_display": "0", "missing_lines": 2, "excluded_lines": 0}, "missing_lines": [131, 139], "excluded_lines": []}, "off_centering_controls": {"executed_lines": [], "summary": {"covered_lines": 0, "num_statements": 1, "percent_covered": 0.0, "percent_covered_display": "0", "missing_lines": 1, "excluded_lines": 0}, "missing_lines": [204], "excluded_lines": []}, "bright_dim_control": {"executed_lines": [], "summary": {"covered_lines": 0, "num_statements": 1, "percent_covered": 0.0, "percent_covered_display": "0", "missing_lines": 1, "excluded_lines": 0}, "missing_lines": [300], "excluded_lines": []}, "active_filters_display": {"executed_lines": [], "summary": {"covered_lines": 0, "num_statements": 1, "percent_covered": 0.0, "percent_covered_display": "0", "missing_lines": 1, "excluded_lines": 0}, "missing_lines": [354], "excluded_lines": []}, "sd_console_master_panel": {"executed_lines": [], "summary": {"covered_lines": 0, "num_statements": 1, "percent_covered": 0.0, "percent_covered_display": "0", "missing_lines": 1, "excluded_lines": 0}, "missing_lines": [413], "excluded_lines": []}, "sd_console_compact": {"executed_lines": [], "summary": {"covered_lines": 0, "num_statements": 1, "percent_covered": 0.0, "percent_covered_display": "0", "missing_lines": 1, "excluded_lines": 0}, "missing_lines": [458], "excluded_lines": []}, "": {"executed_lines": [], "summary": {"covered_lines": 0, "num_statements": 10, "percent_covered": 0.0, "percent_covered_display": "0", "missing_lines": 10, "excluded_lines": 0}, "missing_lines": [18, 19, 26, 59, 122, 185, 291, 350, 397, 444], "excluded_lines": []}}, "classes": {"": {"executed_lines": [], "summary": {"covered_lines": 0, "num_statements": 23, "percent_covered": 0.0, "percent_covered_display": "0", "missing_lines": 23, "excluded_lines": 0}, "missing_lines": [18, 19, 26, 35, 50, 51, 53, 59, 68, 84, 122, 131, 139, 185, 204, 291, 300, 350, 354, 397, 413, 444, 458], "excluded_lines": []}}}, "an_fsq7_simulator\\components_v2\\simulation_controls.py": {"executed_lines": [], "summary": {"covered_lines": 0, "num_statements": 4, "percent_covered": 0.0, "percent_covered_display": "0", "missing_lines": 4, "excluded_lines": 0}, "missing_lines": [7, 10, 31, 33], "excluded_lines": [], "functions": {"simulation_control_panel": {"executed_lines": [], "summary": {"covered_lines": 0, "num_statements": 2, "percent_covered": 0.0, "percent_covered_display": "0", "missing_lines": 2, "excluded_lines": 0}, "missing_lines": [31, 33], "excluded_lines": []}, "": {"executed_lines": [], "summary": {"covered_lines": 0, "num_statements": 2, "percent_covered": 0.0, "percent_covered_display": "0", "missing_lines": 2, "excluded_lines": 0}, "missing_lines": [7, 10], "excluded_lines": []}}, "classes": {"": {"executed_lines": [], "summary": {"covered_lines": 0, "num_statements": 4, "percent_covered": 0.0, "percent_covered_display": "0", "missing_lines": 4, "excluded_lines": 0}, "missing_lines": [7, 10, 31, 33], "excluded_lines": []}}}, "an_fsq7_simulator\\components_v2\\sound_effects.py": {"executed_lines": [], "summary": {"covered_lines": 0, "num_statements": 27, "percent_covered": 0.0, "percent_covered_display": "0", "missing_lines": 27, "excluded_lines": 0}, "missing_lines": [24, 25, 26, 29, 30, 32, 33, 34, 35, 36, 37, 38, 45, 287, 322, 339, 463, 470, 499, 501, 514, 518, 538, 542, 613, 615, 649], "excluded_lines": [], "functions": {"sound_settings_panel": {"executed_lines": [], "summary": {"covered_lines": 0, "num_statements": 1, "percent_covered": 0.0, "percent_covered_display": "0", "missing_lines": 1, "excluded_lines": 0}, "missing_lines": [339], "excluded_lines": []}, "volume_slider": {"executed_lines": [], "summary": {"covered_lines": 0, "num_statements": 1, "percent_covered": 0.0, "percent_covered_display": "0", "missing_lines": 1, "excluded_lines": 0}, "missing_lines": [470], "excluded_lines": []}, "test_sound_button": {"executed_lines": [], "summary": {"covered_lines": 0, "num_statements": 1, "percent_covered": 0.0, "percent_covered_display": "0", "missing_lines": 1, "excluded_lines": 0}, "missing_lines": [501], "excluded_lines": []}, "sound_status_indicator": {"executed_lines": [], "summary": {"covered_lines": 0, "num_statements": 1, "percent_covered": 0.0, "percent_covered_display": "0", "missing_lines": 1, "excluded_lines": 0}, "missing_lines": [518], "excluded_lines": []}, "sound_sources_documentation": {"executed_lines": [], "summary": {"covered_lines": 0, "num_statements": 1, "percent_covered": 0.0, "percent_covered_display": "0", "missing_lines": 1, "excluded_lines": 0}, "missing_lines": [542], "excluded_lines": []}, "sound_source_card": {"executed_lines": [], "summary": {"covered_lines": 0, "num_statements": 1, "percent_covered": 0.0, "percent_covered_display": "0", "missing_lines": 1, "excluded_lines": 0}, "missing_lines": [615], "excluded_lines": []}, "": {"executed_lines": [], "summary": {"covered_lines": 0, "num_statements": 21, "percent_covered": 0.0, "percent_covered_display": "0", "missing_lines": 21, "excluded_lines": 0}, "missing_lines": [24, 25, 26, 29, 30, 32, 33, 34, 35, 36, 37, 38, 45, 287, 322, 463, 499, 514, 538, 613, 649], "excluded_lines": []}}, "classes": {"SoundEffect": {"executed_lines": [], "summary": {"covered_lines": 0, "num_statements": 0, "percent_covered": 100.0, "percent_covered_display": "100", "missing_lines": 0, "excluded_lines": 0}, "missing_lines": [], "excluded_lines": []}, "": {"executed_lines": [], "summary": {"covered_lines": 0, "num_statements": 27, "percent_covered": 0.0, "percent_covered_display": "0", "missing_lines": 27, "excluded_lines": 0}, "missing_lines": [24, 25, 26, 29, 30, 32, 33, 34, 35, 36, 37, 38, 45, 287, 322, 339, 463, 470, 499, 501, 514, 518, 538, 542, 613, 615, 649], "excluded_lines": []}}}, "an_fsq7_simulator\\components_v2\\system_inspector.py": {"executed_lines": [], "summary": {"covered_lines": 0, "num_statements": 18, "percent_covered": 0.0, "percent_covered_display": "0", "missing_lines": 18, "excluded_lines": 0}, "missing_lines": [12, 13, 16, 31, 53, 72, 128, 143, 186, 195, 235, 251, 252, 254, 321, 340, 414, 452], "excluded_lines": [], "functions": {"inspector_metric_box": {"executed_lines": [], "summary": {"covered_lines": 0, "num_statements": 1, "percent_covered": 0.0, "percent_covered_display": "0", "missing_lines": 1, "excluded_lines": 0}, "missing_lines": [31], "excluded_lines": []}, "cpu_state_panel": {"executed_lines": [], "summary": {"covered_lines": 0, "num_statements": 1, "percent_covered": 0.0, "percent_covered_display": "0", "missing_lines": 1, "excluded_lines": 0}, "missing_lines": [72], "excluded_lines": []}, "memory_bank_indicator": {"executed_lines": [], "summary": {"covered_lines": 0, "num_statements": 1, "percent_covered": 0.0, "percent_covered_display": "0", "missing_lines": 1, "excluded_lines": 0}, "missing_lines": [143], "excluded_lines": []}, "memory_visualization_panel": {"executed_lines": [], "summary": {"covered_lines": 0, "num_statements": 1, "percent_covered": 0.0, "percent_covered_display": "0", "missing_lines": 1, "excluded_lines": 0}, "missing_lines": [195], "excluded_lines": []}, "queue_indicator": {"executed_lines": [], "summary": {"covered_lines": 0, "num_statements": 3, "percent_covered": 0.0, "percent_covered_display": "0", "missing_lines": 3, "excluded_lines": 0}, "missing_lines": [251, 252, 254], "excluded_lines": []}, "queue_inspector_panel": {"executed_lines": [], "summary": {"covered_lines": 0, "num_statements": 1, "percent_covered": 0.0, "percent_covered_display": "0", "missing_lines": 1, "excluded_lines": 0}, "missing_lines": [340], "excluded_lines": []}, "system_inspector_overlay": {"executed_lines": [], "summary": {"covered_lines": 0, "num_statements": 1, "percent_covered": 0.0, "percent_covered_display": "0", "missing_lines": 1, "excluded_lines": 0}, "missing_lines": [452], "excluded_lines": []}, "": {"executed_lines": [], "summary": {"covered_lines": 0, "num_statements": 9, "percent_covered": 0.0, "percent_covered_display": "0", "missing_lines": 9, "excluded_lines": 0}, "missing_lines": [12, 13, 16, 53, 128, 186, 235, 321, 414], "excluded_lines": []}}, "classes": {"": {"executed_lines": [], "summary": {"covered_lines": 0, "num_statements": 18, "percent_covered": 0.0, "percent_covered_display": "0", "missing_lines": 18, "excluded_lines": 0}, "missing_lines": [12, 13, 16, 31, 53, 72, 128, 143, 186, 195, 235, 251, 252, 254, 321, 340, 414, 452], "excluded_lines": []}}}, "an_fsq7_simulator\\components_v2\\system_messages.py": {"executed_lines": [], "summary": {"covered_lines": 0, "num_statements": 44, "percent_covered": 0.0, "percent_covered_display": "0", "missing_lines": 44, "excluded_lines": 0}, "missing_lines": [17, 18, 19, 20, 23, 24, 26, 27, 28, 29, 33, 46, 48, 51, 53, 55, 118, 128, 214, 219, 221, 252, 254, 262, 264, 272, 274, 275, 283, 285, 286, 294, 296, 304, 306, 314, 316, 324, 326, 334, 336, 344, 346, 355], "excluded_lines": [], "functions": {"format_timestamp": {"executed_lines": [], "summary": {"covered_lines": 0, "num_statements": 1, "percent_covered": 0.0, "percent_covered_display": "0", "missing_lines": 1, "excluded_lines": 0}, "missing_lines": [48], "excluded_lines": []}, "message_row": {"executed_lines": [], "summary": {"covered_lines": 0, "num_statements": 2, "percent_covered": 0.0, "percent_covered_display": "0", "missing_lines": 2, "excluded_lines": 0}, "missing_lines": [53, 55], "excluded_lines": []}, "system_messages_panel": {"executed_lines": [], "summary": {"covered_lines": 0, "num_statements": 1, "percent_covered": 0.0, "percent_covered_display": "0", "missing_lines": 1, "excluded_lines": 0}, "missing_lines": [128], "excluded_lines": []}, "system_messages_compact": {"executed_lines": [], "summary": {"covered_lines": 0, "num_statements": 2, "percent_covered": 0.0, "percent_covered_display": "0", "missing_lines": 2, "excluded_lines": 0}, "missing_lines": [219, 221], "excluded_lines": []}, "log_track_selected": {"executed_lines": [], "summary": {"covered_lines": 0, "num_statements": 1, "percent_covered": 0.0, "percent_covered_display": "0", "missing_lines": 1, "excluded_lines": 0}, "missing_lines": [254], "excluded_lines": []}, "log_intercept_launched": {"executed_lines": [], "summary": {"covered_lines": 0, "num_statements": 1, "percent_covered": 0.0, "percent_covered_display": "0", "missing_lines": 1, "excluded_lines": 0}, "missing_lines": [264], "excluded_lines": []}, "log_filter_changed": {"executed_lines": [], "summary": {"covered_lines": 0, "num_statements": 2, "percent_covered": 0.0, "percent_covered_display": "0", "missing_lines": 2, "excluded_lines": 0}, "missing_lines": [274, 275], "excluded_lines": []}, "log_overlay_toggled": {"executed_lines": [], "summary": {"covered_lines": 0, "num_statements": 2, "percent_covered": 0.0, "percent_covered_display": "0", "missing_lines": 2, "excluded_lines": 0}, "missing_lines": [285, 286], "excluded_lines": []}, "log_program_loaded": {"executed_lines": [], "summary": {"covered_lines": 0, "num_statements": 1, "percent_covered": 0.0, "percent_covered_display": "0", "missing_lines": 1, "excluded_lines": 0}, "missing_lines": [296], "excluded_lines": []}, "log_program_executed": {"executed_lines": [], "summary": {"covered_lines": 0, "num_statements": 1, "percent_covered": 0.0, "percent_covered_display": "0", "missing_lines": 1, "excluded_lines": 0}, "missing_lines": [306], "excluded_lines": []}, "log_button_pressed": {"executed_lines": [], "summary": {"covered_lines": 0, "num_statements": 1, "percent_covered": 0.0, "percent_covered_display": "0", "missing_lines": 1, "excluded_lines": 0}, "missing_lines": [316], "excluded_lines": []}, "log_error": {"executed_lines": [], "summary": {"covered_lines": 0, "num_statements": 1, "percent_covered": 0.0, "percent_covered_display": "0", "missing_lines": 1, "excluded_lines": 0}, "missing_lines": [326], "excluded_lines": []}, "log_warning": {"executed_lines": [], "summary": {"covered_lines": 0, "num_statements": 1, "percent_covered": 0.0, "percent_covered_display": "0", "missing_lines": 1, "excluded_lines": 0}, "missing_lines": [336], "excluded_lines": []}, "log_info": {"executed_lines": [], "summary": {"covered_lines": 0, "num_statements": 1, "percent_covered": 0.0, "percent_covered_display": "0", "missing_lines": 1, "excluded_lines": 0}, "missing_lines": [346], "excluded_lines": []}, "": {"executed_lines": [], "summary": {"covered_lines": 0, "num_statements": 26, "percent_covered": 0.0, "percent_covered_display": "0", "missing_lines": 26, "excluded_lines": 0}, "missing_lines": [17, 18, 19, 20, 23, 24, 26, 27, 28, 29, 33, 46, 51, 118, 214, 252, 262, 272, 283, 294, 304, 314, 324, 334, 344, 355], "excluded_lines": []}}, "classes": {"SystemMessage": {"executed_lines": [], "summary": {"covered_lines": 0, "num_statements": 0, "percent_covered": 100.0, "percent_covered_display": "100", "missing_lines": 0, "excluded_lines": 0}, "missing_lines": [], "excluded_lines": []}, "": {"executed_lines": [], "summary": {"covered_lines": 0, "num_statements": 44, "percent_covered": 0.0, "percent_covered_display": "0", "missing_lines": 44, "excluded_lines": 0}, "missing_lines": [17, 18, 19, 20, 23, 24, 26, 27, 28, 29, 33, 46, 48, 51, 53, 55, 118, 128, 214, 219, 221, 252, 254, 262, 264, 272, 274, 275, 283, 285, 286, 294, 296, 304, 306, 314, 316, 324, 326, 334, 336, 344, 346, 355], "excluded_lines": []}}}, "an_fsq7_simulator\\components_v2\\track_classification_panel.py": {"executed_lines": [], "summary": {"covered_lines": 0, "num_statements": 7, "percent_covered": 0.0, "percent_covered_display": "0", "missing_lines": 7, "excluded_lines": 0}, "missing_lines": [14, 15, 18, 55, 57, 264, 269], "excluded_lines": [], "functions": {"track_classification_panel": {"executed_lines": [], "summary": {"covered_lines": 0, "num_statements": 2, "percent_covered": 0.0, "percent_covered_display": "0", "missing_lines": 2, "excluded_lines": 0}, "missing_lines": [55, 57], "excluded_lines": []}, "correlation_help_panel": {"executed_lines": [], "summary": {"covered_lines": 0, "num_statements": 1, "percent_covered": 0.0, "percent_covered_display": "0", "missing_lines": 1, "excluded_lines": 0}, "missing_lines": [269], "excluded_lines": []}, "": {"executed_lines": [], "summary": {"covered_lines": 0, "num_statements": 4, "percent_covered": 0.0, "percent_covered_display": "0", "missing_lines": 4, "excluded_lines": 0}, "missing_lines": [14, 15, 18, 264], "excluded_lines": []}}, "classes": {"": {"executed_lines": [], "summary": {"covered_lines": 0, "num_statements": 7, "percent_covered": 0.0, "percent_covered_display": "0", "missing_lines": 7, "excluded_lines": 0}, "missing_lines": [14, 15, 18, 55, 57, 264, 269], "excluded_lines": []}}}, "an_fsq7_simulator\\components_v2\\track_lifecycle.py": {"executed_lines": [], "summary": {"covered_lines": 0, "num_statements": 55, "percent_covered": 0.0, "percent_covered_display": "0", "missing_lines": 55, "excluded_lines": 0}, "missing_lines": [21, 22, 23, 24, 27, 29, 30, 31, 32, 33, 34, 37, 38, 43, 44, 45, 46, 47, 48, 52, 116, 126, 128, 131, 141, 142, 145, 146, 149, 157, 158, 159, 160, 162, 163, 166, 172, 175, 178, 179, 186, 188, 191, 193, 197, 280, 368, 370, 373, 378, 384, 385, 386, 387, 389], "excluded_lines": [], "functions": {"can_transition": {"executed_lines": [], "summary": {"covered_lines": 0, "num_statements": 1, "percent_covered": 0.0, "percent_covered_display": "0", "missing_lines": 1, "excluded_lines": 0}, "missing_lines": [128], "excluded_lines": []}, "transition_track_state": {"executed_lines": [], "summary": {"covered_lines": 0, "num_statements": 11, "percent_covered": 0.0, "percent_covered_display": "0", "missing_lines": 11, "excluded_lines": 0}, "missing_lines": [141, 142, 145, 146, 149, 157, 158, 159, 160, 162, 163], "excluded_lines": []}, "get_track_color": {"executed_lines": [], "summary": {"covered_lines": 0, "num_statements": 6, "percent_covered": 0.0, "percent_covered_display": "0", "missing_lines": 6, "excluded_lines": 0}, "missing_lines": [172, 175, 178, 179, 186, 188], "excluded_lines": []}, "get_track_style": {"executed_lines": [], "summary": {"covered_lines": 0, "num_statements": 1, "percent_covered": 0.0, "percent_covered_display": "0", "missing_lines": 1, "excluded_lines": 0}, "missing_lines": [193], "excluded_lines": []}, "get_state_description": {"executed_lines": [], "summary": {"covered_lines": 0, "num_statements": 1, "percent_covered": 0.0, "percent_covered_display": "0", "missing_lines": 1, "excluded_lines": 0}, "missing_lines": [370], "excluded_lines": []}, "get_state_duration_warning": {"executed_lines": [], "summary": {"covered_lines": 0, "num_statements": 6, "percent_covered": 0.0, "percent_covered_display": "0", "missing_lines": 6, "excluded_lines": 0}, "missing_lines": [378, 384, 385, 386, 387, 389], "excluded_lines": []}, "": {"executed_lines": [], "summary": {"covered_lines": 0, "num_statements": 29, "percent_covered": 0.0, "percent_covered_display": "0", "missing_lines": 29, "excluded_lines": 0}, "missing_lines": [21, 22, 23, 24, 27, 29, 30, 31, 32, 33, 34, 37, 38, 43, 44, 45, 46, 47, 48, 52, 116, 126, 131, 166, 191, 197, 280, 368, 373], "excluded_lines": []}}, "classes": {"TrackState": {"executed_lines": [], "summary": {"covered_lines": 0, "num_statements": 0, "percent_covered": 100.0, "percent_covered_display": "100", "missing_lines": 0, "excluded_lines": 0}, "missing_lines": [], "excluded_lines": []}, "TrackLifecycle": {"executed_lines": [], "summary": {"covered_lines": 0, "num_statements": 0, "percent_covered": 100.0, "percent_covered_display": "100", "missing_lines": 0, "excluded_lines": 0}, "missing_lines": [], "excluded_lines": []}, "": {"executed_lines": [], "summary": {"covered_lines": 0, "num_statements": 55, "percent_covered": 0.0, "percent_covered_display": "0", "missing_lines": 55, "excluded_lines": 0}, "missing_lines": [21, 22, 23, 24, 27, 29, 30, 31, 32, 33, 34, 37, 38, 43, 44, 45, 46, 47, 48, 52, 116, 126, 128, 131, 141, 142, 145, 146, 149, 157, 158, 159, 160, 162, 163, 166, 172, 175, 178, 179, 186, 188, 191, 193, 197, 280, 368, 370, 373, 378, 384, 385, 386, 387, 389], "excluded_lines": []}}}, "an_fsq7_simulator\\components_v2\\tube_maintenance.py": {"executed_lines": [], "summary": {"covered_lines": 0, "num_statements": 30, "percent_covered": 0.0, "percent_covered_display": "0", "missing_lines": 30, "excluded_lines": 0}, "missing_lines": [15, 16, 17, 20, 32, 37, 42, 47, 52, 58, 82, 88, 99, 110, 111, 113, 205, 211, 225, 239, 281, 287, 288, 289, 290, 291, 293, 389, 394, 465], "excluded_lines": [], "functions": {"tube_status_indicator": {"executed_lines": [], "summary": {"covered_lines": 0, "num_statements": 6, "percent_covered": 0.0, "percent_covered_display": "0", "missing_lines": 6, "excluded_lines": 0}, "missing_lines": [32, 37, 42, 47, 52, 58], "excluded_lines": []}, "tube_rack_grid": {"executed_lines": [], "summary": {"covered_lines": 0, "num_statements": 1, "percent_covered": 0.0, "percent_covered_display": "0", "missing_lines": 1, "excluded_lines": 0}, "missing_lines": [88], "excluded_lines": []}, "tube_replacement_modal": {"executed_lines": [], "summary": {"covered_lines": 0, "num_statements": 3, "percent_covered": 0.0, "percent_covered_display": "0", "missing_lines": 3, "excluded_lines": 0}, "missing_lines": [110, 111, 113], "excluded_lines": []}, "performance_gauge": {"executed_lines": [], "summary": {"covered_lines": 0, "num_statements": 3, "percent_covered": 0.0, "percent_covered_display": "0", "missing_lines": 3, "excluded_lines": 0}, "missing_lines": [211, 225, 239], "excluded_lines": []}, "tube_statistics": {"executed_lines": [], "summary": {"covered_lines": 0, "num_statements": 6, "percent_covered": 0.0, "percent_covered_display": "0", "missing_lines": 6, "excluded_lines": 0}, "missing_lines": [287, 288, 289, 290, 291, 293], "excluded_lines": []}, "tube_maintenance_panel": {"executed_lines": [], "summary": {"covered_lines": 0, "num_statements": 1, "percent_covered": 0.0, "percent_covered_display": "0", "missing_lines": 1, "excluded_lines": 0}, "missing_lines": [394], "excluded_lines": []}, "": {"executed_lines": [], "summary": {"covered_lines": 0, "num_statements": 10, "percent_covered": 0.0, "percent_covered_display": "0", "missing_lines": 10, "excluded_lines": 0}, "missing_lines": [15, 16, 17, 20, 82, 99, 205, 281, 389, 465], "excluded_lines": []}}, "classes": {"": {"executed_lines": [], "summary": {"covered_lines": 0, "num_statements": 30, "percent_covered": 0.0, "percent_covered_display": "0", "missing_lines": 30, "excluded_lines": 0}, "missing_lines": [15, 16, 17, 20, 32, 37, 42, 47, 52, 58, 82, 88, 99, 110, 111, 113, 205, 211, 225, 239, 281, 287, 288, 289, 290, 291, 293, 389, 394, 465], "excluded_lines": []}}}, "an_fsq7_simulator\\components_v2\\tutorial_system.py": {"executed_lines": [], "summary": {"covered_lines": 0, "num_statements": 29, "percent_covered": 0.0, "percent_covered_display": "0", "missing_lines": 29, "excluded_lines": 0}, "missing_lines": [14, 15, 16, 20, 190, 194, 195, 196, 197, 198, 199, 200, 201, 203, 204, 205, 207, 264, 266, 268, 286, 295, 297, 415, 423, 473, 483, 484, 486], "excluded_lines": [], "functions": {"mission_step_indicator": {"executed_lines": [], "summary": {"covered_lines": 0, "num_statements": 12, "percent_covered": 0.0, "percent_covered_display": "0", "missing_lines": 12, "excluded_lines": 0}, "missing_lines": [194, 195, 196, 197, 198, 199, 200, 201, 203, 204, 205, 207], "excluded_lines": []}, "mission_progress_bar": {"executed_lines": [], "summary": {"covered_lines": 0, "num_statements": 2, "percent_covered": 0.0, "percent_covered_display": "0", "missing_lines": 2, "excluded_lines": 0}, "missing_lines": [266, 268], "excluded_lines": []}, "mission_panel": {"executed_lines": [], "summary": {"covered_lines": 0, "num_statements": 2, "percent_covered": 0.0, "percent_covered_display": "0", "missing_lines": 2, "excluded_lines": 0}, "missing_lines": [295, 297], "excluded_lines": []}, "tutorial_sidebar_compact": {"executed_lines": [], "summary": {"covered_lines": 0, "num_statements": 1, "percent_covered": 0.0, "percent_covered_display": "0", "missing_lines": 1, "excluded_lines": 0}, "missing_lines": [423], "excluded_lines": []}, "welcome_modal": {"executed_lines": [], "summary": {"covered_lines": 0, "num_statements": 3, "percent_covered": 0.0, "percent_covered_display": "0", "missing_lines": 3, "excluded_lines": 0}, "missing_lines": [483, 484, 486], "excluded_lines": []}, "": {"executed_lines": [], "summary": {"covered_lines": 0, "num_statements": 9, "percent_covered": 0.0, "percent_covered_display": "0", "missing_lines": 9, "excluded_lines": 0}, "missing_lines": [14, 15, 16, 20, 190, 264, 286, 415, 473], "excluded_lines": []}}, "classes": {"": {"executed_lines": [], "summary": {"covered_lines": 0, "num_statements": 29, "percent_covered": 0.0, "percent_covered_display": "0", "missing_lines": 29, "excluded_lines": 0}, "missing_lines": [14, 15, 16, 20, 190, 194, 195, 196, 197, 198, 199, 200, 201, 203, 204, 205, 207, 264, 266, 268, 286, 295, 297, 415, 423, 473, 483, 484, 486], "excluded_lines": []}}}, "an_fsq7_simulator\\cpu_core.py": {"executed_lines": [1, 17, 18, 21, 22, 36, 37, 38, 39, 40, 41, 42, 43, 44, 45, 46, 47, 48, 51, 53, 61, 62, 63, 66, 67, 70, 71, 72, 75, 76, 79, 81, 88, 90, 92, 93, 94, 95, 96, 97, 98, 100, 108, 109, 110, 111, 113, 127, 130, 132, 134, 137, 139, 141, 148, 149, 150, 152, 153, 154, 156, 166, 167, 168, 169, 171, 178, 179, 182, 183, 195, 197, 199, 201, 203, 205, 206, 208, 210, 211, 213, 215, 216, 218, 220, 221, 222, 225, 227, 229, 231, 233, 234, 236, 238, 239, 241, 243, 244, 246, 249, 250, 251, 253, 257, 258, 259, 260, 261, 263, 265, 269, 270, 272, 273, 275, 282, 283, 285, 286, 288, 290, 297, 298, 300, 302, 303, 304, 306, 308, 309, 311, 312, 314, 315, 316, 317, 319, 320, 332, 333, 334, 335, 337, 344, 353, 355, 357, 359, 364, 375, 378, 379, 382, 397, 398, 399, 400, 402, 403, 404, 406, 409], "summary": {"covered_lines": 161, "num_statements": 170, "percent_covered": 94.70588235294117, "percent_covered_display": "95", "missing_lines": 9, "excluded_lines": 0}, "missing_lines": [411, 412, 414, 415, 416, 417, 418, 419, 420], "excluded_lines": [], "functions": {"CPUCore.__init__": {"executed_lines": [61, 62, 63, 66, 67, 70, 71, 72, 75, 76, 79], "summary": {"covered_lines": 11, "num_statements": 11, "percent_covered": 100.0, "percent_covered_display": "100", "missing_lines": 0, "excluded_lines": 0}, "missing_lines": [], "excluded_lines": []}, "CPUCore.tick_rtc": {"executed_lines": [88], "summary": {"covered_lines": 1, "num_statements": 1, "percent_covered": 100.0, "percent_covered_display": "100", "missing_lines": 0, "excluded_lines": 0}, "missing_lines": [], "excluded_lines": []}, "CPUCore.reset": {"executed_lines": [92, 93, 94, 95, 96, 97, 98], "summary": {"covered_lines": 7, "num_statements": 7, "percent_covered": 100.0, "percent_covered_display": "100", "missing_lines": 0, "excluded_lines": 0}, "missing_lines": [], "excluded_lines": []}, "CPUCore.load_program": {"executed_lines": [108, 109, 110, 111], "summary": {"covered_lines": 4, "num_statements": 4, "percent_covered": 100.0, "percent_covered_display": "100", "missing_lines": 0, "excluded_lines": 0}, "missing_lines": [], "excluded_lines": []}, "CPUCore.compute_effective_address": {"executed_lines": [127, 130, 132, 134, 137, 139], "summary": {"covered_lines": 6, "num_statements": 6, "percent_covered": 100.0, "percent_covered_display": "100", "missing_lines": 0, "excluded_lines": 0}, "missing_lines": [], "excluded_lines": []}, "CPUCore.fetch": {"executed_lines": [148, 149, 150, 152, 153, 154], "summary": {"covered_lines": 6, "num_statements": 6, "percent_covered": 100.0, "percent_covered_display": "100", "missing_lines": 0, "excluded_lines": 0}, "missing_lines": [], "excluded_lines": []}, "CPUCore.decode_instruction": {"executed_lines": [166, 167, 168, 169], "summary": {"covered_lines": 4, "num_statements": 4, "percent_covered": 100.0, "percent_covered_display": "100", "missing_lines": 0, "excluded_lines": 0}, "missing_lines": [], "excluded_lines": []}, "CPUCore.execute_instruction": {"executed_lines": [178, 179, 182, 183, 195, 197, 199, 201, 203, 205, 206, 208, 210, 211, 213, 215, 216, 218, 220, 221, 222, 225, 227, 229, 231, 233, 234, 236, 238, 239, 241, 243, 244, 246, 249, 250, 251, 253, 257, 258, 259, 260, 261, 263, 265, 269, 270, 272, 273], "summary": {"covered_lines": 49, "num_statements": 49, "percent_covered": 100.0, "percent_covered_display": "100", "missing_lines": 0, "excluded_lines": 0}, "missing_lines": [], "excluded_lines": []}, "CPUCore.step": {"executed_lines": [282, 283, 285, 286, 288], "summary": {"covered_lines": 5, "num_statements": 5, "percent_covered": 100.0, "percent_covered_display": "100", "missing_lines": 0, "excluded_lines": 0}, "missing_lines": [], "excluded_lines": []}, "CPUCore.run": {"executed_lines": [297, 298], "summary": {"covered_lines": 2, "num_statements": 2, "percent_covered": 100.0, "percent_covered_display": "100", "missing_lines": 0, "excluded_lines": 0}, "missing_lines": [], "excluded_lines": []}, "CPUCore.read_memory": {"executed_lines": [302, 303, 304], "summary": {"covered_lines": 3, "num_statements": 3, "percent_covered": 100.0, "percent_covered_display": "100", "missing_lines": 0, "excluded_lines": 0}, "missing_lines": [], "excluded_lines": []}, "CPUCore.write_memory": {"executed_lines": [308, 309], "summary": {"covered_lines": 2, "num_statements": 2, "percent_covered": 100.0, "percent_covered_display": "100", "missing_lines": 0, "excluded_lines": 0}, "missing_lines": [], "excluded_lines": []}, "CPUCore.to_signed32": {"executed_lines": [314, 315, 316, 317], "summary": {"covered_lines": 4, "num_statements": 4, "percent_covered": 100.0, "percent_covered_display": "100", "missing_lines": 0, "excluded_lines": 0}, "missing_lines": [], "excluded_lines": []}, "CPUCore.encode_instruction": {"executed_lines": [332, 333, 334, 335], "summary": {"covered_lines": 4, "num_statements": 4, "percent_covered": 100.0, "percent_covered_display": "100", "missing_lines": 0, "excluded_lines": 0}, "missing_lines": [], "excluded_lines": []}, "CPUCore.get_state": {"executed_lines": [344], "summary": {"covered_lines": 1, "num_statements": 1, "percent_covered": 100.0, "percent_covered_display": "100", "missing_lines": 0, "excluded_lines": 0}, "missing_lines": [], "excluded_lines": []}, "CPUCore.get_trace": {"executed_lines": [355], "summary": {"covered_lines": 1, "num_statements": 1, "percent_covered": 100.0, "percent_covered_display": "100", "missing_lines": 0, "excluded_lines": 0}, "missing_lines": [], "excluded_lines": []}, "CPUCore.clear_trace": {"executed_lines": [359], "summary": {"covered_lines": 1, "num_statements": 1, "percent_covered": 100.0, "percent_covered_display": "100", "missing_lines": 0, "excluded_lines": 0}, "missing_lines": [], "excluded_lines": []}, "example_array_sum": {"executed_lines": [375, 378, 379, 382, 397, 398, 399, 400, 402, 403, 404, 406], "summary": {"covered_lines": 12, "num_statements": 12, "percent_covered": 100.0, "percent_covered_display": "100", "missing_lines": 0, "excluded_lines": 0}, "missing_lines": [], "excluded_lines": []}, "": {"executed_lines": [1, 17, 18, 21, 22, 36, 37, 38, 39, 40, 41, 42, 43, 44, 45, 46, 47, 48, 51, 53, 81, 90, 100, 113, 141, 156, 171, 275, 290, 300, 306, 311, 312, 319, 320, 337, 353, 357, 364, 409], "summary": {"covered_lines": 38, "num_statements": 47, "percent_covered": 80.85106382978724, "percent_covered_display": "81", "missing_lines": 9, "excluded_lines": 0}, "missing_lines": [411, 412, 414, 415, 416, 417, 418, 419, 420], "excluded_lines": []}}, "classes": {"CPUCore": {"executed_lines": [61, 62, 63, 66, 67, 70, 71, 72, 75, 76, 79, 88, 92, 93, 94, 95, 96, 97, 98, 108, 109, 110, 111, 127, 130, 132, 134, 137, 139, 148, 149, 150, 152, 153, 154, 166, 167, 168, 169, 178, 179, 182, 183, 195, 197, 199, 201, 203, 205, 206, 208, 210, 211, 213, 215, 216, 218, 220, 221, 222, 225, 227, 229, 231, 233, 234, 236, 238, 239, 241, 243, 244, 246, 249, 250, 251, 253, 257, 258, 259, 260, 261, 263, 265, 269, 270, 272, 273, 282, 283, 285, 286, 288, 297, 298, 302, 303, 304, 308, 309, 314, 315, 316, 317, 332, 333, 334, 335, 344, 355, 359], "summary": {"covered_lines": 111, "num_statements": 111, "percent_covered": 100.0, "percent_covered_display": "100", "missing_lines": 0, "excluded_lines": 0}, "missing_lines": [], "excluded_lines": []}, "": {"executed_lines": [1, 17, 18, 21, 22, 36, 37, 38, 39, 40, 41, 42, 43, 44, 45, 46, 47, 48, 51, 53, 81, 90, 100, 113, 141, 156, 171, 275, 290, 300, 306, 311, 312, 319, 320, 337, 353, 357, 364, 375, 378, 379, 382, 397, 398, 399, 400, 402, 403, 404, 406, 409], "summary": {"covered_lines": 50, "num_statements": 59, "percent_covered": 84.7457627118644, "percent_covered_display": "85", "missing_lines": 9, "excluded_lines": 0}, "missing_lines": [411, 412, 414, 415, 416, 417, 418, 419, 420], "excluded_lines": []}}}, "an_fsq7_simulator\\cpu_core_authentic.py": {"executed_lines": [], "summary": {"covered_lines": 0, "num_statements": 288, "percent_covered": 0.0, "percent_covered_display": "0", "missing_lines": 288, "excluded_lines": 0}, "missing_lines": [61, 62, 63, 64, 71, 85, 86, 87, 88, 90, 91, 93, 94, 97, 98, 100, 102, 103, 106, 107, 109, 111, 112, 114, 116, 117, 119, 126, 128, 129, 130, 131, 132, 133, 134, 135, 138, 139, 141, 142, 143, 144, 145, 146, 148, 149, 165, 168, 169, 170, 173, 178, 180, 194, 206, 207, 208, 210, 212, 213, 214, 215, 216, 218, 220, 221, 222, 223, 225, 227, 228, 229, 239, 258, 260, 261, 262, 263, 264, 267, 270, 271, 272, 275, 278, 280, 282, 321, 323, 324, 325, 326, 327, 328, 329, 330, 332, 340, 343, 344, 345, 346, 348, 350, 352, 353, 354, 355, 357, 359, 360, 362, 363, 366, 368, 370, 372, 373, 374, 376, 378, 379, 381, 388, 389, 390, 391, 392, 398, 400, 402, 404, 406, 408, 409, 411, 413, 414, 417, 418, 421, 422, 425, 427, 429, 430, 433, 434, 437, 438, 441, 443, 445, 446, 449, 450, 453, 454, 455, 456, 458, 459, 461, 463, 465, 466, 468, 469, 470, 472, 474, 475, 477, 478, 479, 481, 483, 484, 486, 488, 490, 491, 492, 493, 495, 497, 498, 500, 501, 502, 504, 506, 507, 508, 510, 512, 513, 514, 515, 516, 518, 520, 521, 522, 523, 525, 527, 529, 530, 532, 533, 535, 537, 539, 540, 541, 542, 544, 546, 549, 550, 551, 552, 553, 554, 555, 556, 558, 560, 562, 565, 566, 568, 570, 572, 573, 574, 577, 578, 580, 582, 583, 590, 599, 601, 604, 605, 606, 608, 610, 612, 614, 616, 618, 620, 622, 624, 626, 628, 630, 637, 638, 639, 640, 641, 642, 643, 644, 645, 646, 647, 649, 652, 653, 654, 655, 656, 659, 660, 661, 662, 663, 666, 667, 668, 669, 671, 672], "excluded_lines": [], "functions": {"FSQ7Word.split": {"executed_lines": [], "summary": {"covered_lines": 0, "num_statements": 5, "percent_covered": 0.0, "percent_covered_display": "0", "missing_lines": 5, "excluded_lines": 0}, "missing_lines": [93, 94, 97, 98, 100], "excluded_lines": []}, "FSQ7Word.join": {"executed_lines": [], "summary": {"covered_lines": 0, "num_statements": 3, "percent_covered": 0.0, "percent_covered_display": "0", "missing_lines": 3, "excluded_lines": 0}, "missing_lines": [106, 107, 109], "excluded_lines": []}, "FSQ7Word.to_fraction": {"executed_lines": [], "summary": {"covered_lines": 0, "num_statements": 1, "percent_covered": 0.0, "percent_covered_display": "0", "missing_lines": 1, "excluded_lines": 0}, "missing_lines": [114], "excluded_lines": []}, "FSQ7Word.from_fraction": {"executed_lines": [], "summary": {"covered_lines": 0, "num_statements": 1, "percent_covered": 0.0, "percent_covered_display": "0", "missing_lines": 1, "excluded_lines": 0}, "missing_lines": [119], "excluded_lines": []}, "FSQ7Instruction.decode": {"executed_lines": [], "summary": {"covered_lines": 0, "num_statements": 7, "percent_covered": 0.0, "percent_covered_display": "0", "missing_lines": 7, "excluded_lines": 0}, "missing_lines": [165, 168, 169, 170, 173, 178, 180], "excluded_lines": []}, "MemoryBanks.__init__": {"executed_lines": [], "summary": {"covered_lines": 0, "num_statements": 2, "percent_covered": 0.0, "percent_covered_display": "0", "missing_lines": 2, "excluded_lines": 0}, "missing_lines": [207, 208], "excluded_lines": []}, "MemoryBanks.read": {"executed_lines": [], "summary": {"covered_lines": 0, "num_statements": 5, "percent_covered": 0.0, "percent_covered_display": "0", "missing_lines": 5, "excluded_lines": 0}, "missing_lines": [212, 213, 214, 215, 216], "excluded_lines": []}, "MemoryBanks.write": {"executed_lines": [], "summary": {"covered_lines": 0, "num_statements": 4, "percent_covered": 0.0, "percent_covered_display": "0", "missing_lines": 4, "excluded_lines": 0}, "missing_lines": [220, 221, 222, 223], "excluded_lines": []}, "MemoryBanks.get_usage": {"executed_lines": [], "summary": {"covered_lines": 0, "num_statements": 3, "percent_covered": 0.0, "percent_covered_display": "0", "missing_lines": 3, "excluded_lines": 0}, "missing_lines": [227, 228, 229], "excluded_lines": []}, "FSQ7CPU.__init__": {"executed_lines": [], "summary": {"covered_lines": 0, "num_statements": 11, "percent_covered": 0.0, "percent_covered_display": "0", "missing_lines": 11, "excluded_lines": 0}, "missing_lines": [260, 261, 262, 263, 264, 267, 270, 271, 272, 275, 278], "excluded_lines": []}, "FSQ7CPU._build_dispatch_table": {"executed_lines": [], "summary": {"covered_lines": 0, "num_statements": 1, "percent_covered": 0.0, "percent_covered_display": "0", "missing_lines": 1, "excluded_lines": 0}, "missing_lines": [282], "excluded_lines": []}, "FSQ7CPU.reset": {"executed_lines": [], "summary": {"covered_lines": 0, "num_statements": 8, "percent_covered": 0.0, "percent_covered_display": "0", "missing_lines": 8, "excluded_lines": 0}, "missing_lines": [323, 324, 325, 326, 327, 328, 329, 330], "excluded_lines": []}, "FSQ7CPU.compute_effective_address": {"executed_lines": [], "summary": {"covered_lines": 0, "num_statements": 6, "percent_covered": 0.0, "percent_covered_display": "0", "missing_lines": 6, "excluded_lines": 0}, "missing_lines": [340, 343, 344, 345, 346, 348], "excluded_lines": []}, "FSQ7CPU.fetch": {"executed_lines": [], "summary": {"covered_lines": 0, "num_statements": 4, "percent_covered": 0.0, "percent_covered_display": "0", "missing_lines": 4, "excluded_lines": 0}, "missing_lines": [352, 353, 354, 355], "excluded_lines": []}, "FSQ7CPU.execute": {"executed_lines": [], "summary": {"covered_lines": 0, "num_statements": 6, "percent_covered": 0.0, "percent_covered_display": "0", "missing_lines": 6, "excluded_lines": 0}, "missing_lines": [359, 360, 362, 363, 366, 368], "excluded_lines": []}, "FSQ7CPU.step": {"executed_lines": [], "summary": {"covered_lines": 0, "num_statements": 3, "percent_covered": 0.0, "percent_covered_display": "0", "missing_lines": 3, "excluded_lines": 0}, "missing_lines": [372, 373, 374], "excluded_lines": []}, "FSQ7CPU.run": {"executed_lines": [], "summary": {"covered_lines": 0, "num_statements": 2, "percent_covered": 0.0, "percent_covered_display": "0", "missing_lines": 2, "excluded_lines": 0}, "missing_lines": [378, 379], "excluded_lines": []}, "FSQ7CPU.tick_rtc": {"executed_lines": [], "summary": {"covered_lines": 0, "num_statements": 5, "percent_covered": 0.0, "percent_covered_display": "0", "missing_lines": 5, "excluded_lines": 0}, "missing_lines": [388, 389, 390, 391, 392], "excluded_lines": []}, "FSQ7CPU._inst_halt": {"executed_lines": [], "summary": {"covered_lines": 0, "num_statements": 1, "percent_covered": 0.0, "percent_covered_display": "0", "missing_lines": 1, "excluded_lines": 0}, "missing_lines": [400], "excluded_lines": []}, "FSQ7CPU._inst_reset": {"executed_lines": [], "summary": {"covered_lines": 0, "num_statements": 1, "percent_covered": 0.0, "percent_covered_display": "0", "missing_lines": 1, "excluded_lines": 0}, "missing_lines": [404], "excluded_lines": []}, "FSQ7CPU._inst_cad": {"executed_lines": [], "summary": {"covered_lines": 0, "num_statements": 2, "percent_covered": 0.0, "percent_covered_display": "0", "missing_lines": 2, "excluded_lines": 0}, "missing_lines": [408, 409], "excluded_lines": []}, "FSQ7CPU._inst_add": {"executed_lines": [], "summary": {"covered_lines": 0, "num_statements": 7, "percent_covered": 0.0, "percent_covered_display": "0", "missing_lines": 7, "excluded_lines": 0}, "missing_lines": [413, 414, 417, 418, 421, 422, 425], "excluded_lines": []}, "FSQ7CPU._inst_dim": {"executed_lines": [], "summary": {"covered_lines": 0, "num_statements": 7, "percent_covered": 0.0, "percent_covered_display": "0", "missing_lines": 7, "excluded_lines": 0}, "missing_lines": [429, 430, 433, 434, 437, 438, 441], "excluded_lines": []}, "FSQ7CPU._inst_tmu": {"executed_lines": [], "summary": {"covered_lines": 0, "num_statements": 11, "percent_covered": 0.0, "percent_covered_display": "0", "missing_lines": 11, "excluded_lines": 0}, "missing_lines": [445, 446, 449, 450, 453, 454, 455, 456, 458, 459, 461], "excluded_lines": []}, "FSQ7CPU._inst_lst": {"executed_lines": [], "summary": {"covered_lines": 0, "num_statements": 5, "percent_covered": 0.0, "percent_covered_display": "0", "missing_lines": 5, "excluded_lines": 0}, "missing_lines": [465, 466, 468, 469, 470], "excluded_lines": []}, "FSQ7CPU._inst_fst": {"executed_lines": [], "summary": {"covered_lines": 0, "num_statements": 5, "percent_covered": 0.0, "percent_covered_display": "0", "missing_lines": 5, "excluded_lines": 0}, "missing_lines": [474, 475, 477, 478, 479], "excluded_lines": []}, "FSQ7CPU._inst_sto": {"executed_lines": [], "summary": {"covered_lines": 0, "num_statements": 2, "percent_covered": 0.0, "percent_covered_display": "0", "missing_lines": 2, "excluded_lines": 0}, "missing_lines": [483, 484], "excluded_lines": []}, "FSQ7CPU._inst_shl": {"executed_lines": [], "summary": {"covered_lines": 0, "num_statements": 5, "percent_covered": 0.0, "percent_covered_disp
[...]
overed": 100.0, "percent_covered_display": "100", "missing_lines": 0, "excluded_lines": 0}, "missing_lines": [], "excluded_lines": []}, "get_scenario_6_events": {"executed_lines": [377], "summary": {"covered_lines": 1, "num_statements": 1, "percent_covered": 100.0, "percent_covered_display": "100", "missing_lines": 0, "excluded_lines": 0}, "missing_lines": [], "excluded_lines": []}, "get_scenario_7_events": {"executed_lines": [423], "summary": {"covered_lines": 1, "num_statements": 1, "percent_covered": 100.0, "percent_covered_display": "100", "missing_lines": 0, "excluded_lines": 0}, "missing_lines": [], "excluded_lines": []}, "get_events_for_scenario": {"executed_lines": [483], "summary": {"covered_lines": 1, "num_statements": 1, "percent_covered": 100.0, "percent_covered_display": "100", "missing_lines": 0, "excluded_lines": 0}, "missing_lines": [], "excluded_lines": []}, "": {"executed_lines": [1, 19, 20, 21, 22, 25, 26, 27, 28, 29, 30, 31, 32, 33, 34, 37, 38, 39, 51, 52, 53, 54, 55, 56, 57, 59, 72, 83, 113, 133, 151, 169, 187, 209, 210, 212, 217, 224, 228, 255, 273, 305, 341, 375, 421, 470, 481], "summary": {"covered_lines": 43, "num_statements": 43, "percent_covered": 100.0, "percent_covered_display": "100", "missing_lines": 0, "excluded_lines": 0}, "missing_lines": [], "excluded_lines": []}}, "classes": {"EventType": {"executed_lines": [], "summary": {"covered_lines": 0, "num_statements": 0, "percent_covered": 100.0, "percent_covered_display": "100", "missing_lines": 0, "excluded_lines": 0}, "missing_lines": [], "excluded_lines": []}, "ScenarioEvent": {"executed_lines": [61, 62, 64, 65, 67, 68, 70, 74, 75, 76], "summary": {"covered_lines": 10, "num_statements": 10, "percent_covered": 100.0, "percent_covered_display": "100", "missing_lines": 0, "excluded_lines": 0}, "missing_lines": [], "excluded_lines": []}, "EventTimeline": {"executed_lines": [213, 214, 215, 219, 220, 221, 222, 226, 239, 240, 242, 243, 244, 245, 247, 248], "summary": {"covered_lines": 16, "num_statements": 16, "percent_covered": 100.0, "percent_covered_display": "100", "missing_lines": 0, "excluded_lines": 0}, "missing_lines": [], "excluded_lines": []}, "": {"executed_lines": [1, 19, 20, 21, 22, 25, 26, 27, 28, 29, 30, 31, 32, 33, 34, 37, 38, 39, 51, 52, 53, 54, 55, 56, 57, 59, 72, 83, 96, 113, 121, 133, 140, 151, 158, 169, 176, 187, 194, 209, 210, 212, 217, 224, 228, 255, 257, 273, 275, 305, 307, 341, 343, 375, 377, 421, 423, 470, 481, 483], "summary": {"covered_lines": 56, "num_statements": 56, "percent_covered": 100.0, "percent_covered_display": "100", "missing_lines": 0, "excluded_lines": 0}, "missing_lines": [], "excluded_lines": []}}}, "an_fsq7_simulator\\sim\\scenarios.py": {"executed_lines": [1, 13, 14, 17, 18, 20, 30, 31, 32, 33, 34, 35, 36, 40, 468, 470, 473, 475, 478, 483, 484, 485, 486, 487, 488], "summary": {"covered_lines": 23, "num_statements": 23, "percent_covered": 100.0, "percent_covered_display": "100", "missing_lines": 0, "excluded_lines": 0}, "missing_lines": [], "excluded_lines": [], "functions": {"Scenario.__init__": {"executed_lines": [30, 31, 32, 33, 34, 35, 36], "summary": {"covered_lines": 7, "num_statements": 7, "percent_covered": 100.0, "percent_covered_display": "100", "missing_lines": 0, "excluded_lines": 0}, "missing_lines": [], "excluded_lines": []}, "get_scenario": {"executed_lines": [470], "summary": {"covered_lines": 1, "num_statements": 1, "percent_covered": 100.0, "percent_covered_display": "100", "missing_lines": 0, "excluded_lines": 0}, "missing_lines": [], "excluded_lines": []}, "list_scenarios": {"executed_lines": [475], "summary": {"covered_lines": 1, "num_statements": 1, "percent_covered": 100.0, "percent_covered_display": "100", "missing_lines": 0, "excluded_lines": 0}, "missing_lines": [], "excluded_lines": []}, "load_scenario": {"executed_lines": [483, 484, 485, 486, 487, 488], "summary": {"covered_lines": 6, "num_statements": 6, "percent_covered": 100.0, "percent_covered_display": "100", "missing_lines": 0, "excluded_lines": 0}, "missing_lines": [], "excluded_lines": []}, "": {"executed_lines": [1, 13, 14, 17, 18, 20, 40, 468, 473, 478], "summary": {"covered_lines": 8, "num_statements": 8, "percent_covered": 100.0, "percent_covered_display": "100", "missing_lines": 0, "excluded_lines": 0}, "missing_lines": [], "excluded_lines": []}}, "classes": {"Scenario": {"executed_lines": [30, 31, 32, 33, 34, 35, 36], "summary": {"covered_lines": 7, "num_statements": 7, "percent_covered": 100.0, "percent_covered_display": "100", "missing_lines": 0, "excluded_lines": 0}, "missing_lines": [], "excluded_lines": []}, "": {"executed_lines": [1, 13, 14, 17, 18, 20, 40, 468, 470, 473, 475, 478, 483, 484, 485, 486, 487, 488], "summary": {"covered_lines": 16, "num_statements": 16, "percent_covered": 100.0, "percent_covered_display": "100", "missing_lines": 0, "excluded_lines": 0}, "missing_lines": [], "excluded_lines": []}}}, "an_fsq7_simulator\\sim\\sim_loop.py": {"executed_lines": [1, 8, 9, 10, 12, 15, 16, 24, 26, 27, 28, 31, 34, 35, 36, 39, 40, 41, 42, 43, 44, 47, 50, 51, 53, 61, 62, 65, 68, 69, 70, 71, 72, 74, 76, 77, 80, 81, 82, 85, 86, 90, 91, 92, 93, 94, 95, 98, 100, 102, 103, 104, 105, 106, 108, 110, 111, 112, 113, 114, 116, 118, 120, 121, 123, 124, 125, 135, 137, 138, 140, 145, 146, 148, 149, 150, 151, 152, 154, 155, 157, 159, 161, 163, 164, 165, 166, 167, 168, 170, 172, 173, 174, 177, 182], "summary": {"covered_lines": 93, "num_statements": 93, "percent_covered": 100.0, "percent_covered_display": "100", "missing_lines": 0, "excluded_lines": 0}, "missing_lines": [], "excluded_lines": [], "functions": {"Simulator.__init__": {"executed_lines": [26, 27, 28, 31, 34, 35, 36, 39, 40, 41, 42, 43, 44, 47, 50, 51], "summary": {"covered_lines": 16, "num_statements": 16, "percent_covered": 100.0, "percent_covered_display": "100", "missing_lines": 0, "excluded_lines": 0}, "missing_lines": [], "excluded_lines": []}, "Simulator.tick": {"executed_lines": [61, 62, 65, 68, 69, 70, 71, 72, 74, 76, 77, 80, 81, 82, 85, 86, 90, 91, 92, 93, 94, 95, 98], "summary": {"covered_lines": 23, "num_statements": 23, "percent_covered": 100.0, "percent_covered_display": "100", "missing_lines": 0, "excluded_lines": 0}, "missing_lines": [], "excluded_lines": []}, "Simulator.power_on": {"executed_lines": [102, 103, 104, 105, 106], "summary": {"covered_lines": 5, "num_statements": 5, "percent_covered": 100.0, "percent_covered_display": "100", "missing_lines": 0, "excluded_lines": 0}, "missing_lines": [], "excluded_lines": []}, "Simulator.power_off": {"executed_lines": [110, 111, 112, 113, 114], "summary": {"covered_lines": 5, "num_statements": 5, "percent_covered": 100.0, "percent_covered_display": "100", "missing_lines": 0, "excluded_lines": 0}, "missing_lines": [], "excluded_lines": []}, "Simulator.spawn_radar_targets": {"executed_lines": [118, 120, 121, 123, 124, 125, 135, 137, 138], "summary": {"covered_lines": 9, "num_statements": 9, "percent_covered": 100.0, "percent_covered_display": "100", "missing_lines": 0, "excluded_lines": 0}, "missing_lines": [], "excluded_lines": []}, "Simulator.select_target": {"executed_lines": [145, 146, 148, 149, 150, 151, 152, 154, 155, 157, 159], "summary": {"covered_lines": 11, "num_statements": 11, "percent_covered": 100.0, "percent_covered_display": "100", "missing_lines": 0, "excluded_lines": 0}, "missing_lines": [], "excluded_lines": []}, "Simulator.get_selected_target": {"executed_lines": [163, 164, 165, 166, 167, 168], "summary": {"covered_lines": 6, "num_statements": 6, "percent_covered": 100.0, "percent_covered_display": "100", "missing_lines": 0, "excluded_lines": 0}, "missing_lines": [], "excluded_lines": []}, "Simulator.assign_intercept": {"executed_lines": [172, 173, 174], "summary": {"covered_lines": 3, "num_statements": 3, "percent_covered": 100.0, "percent_covered_display": "100", "missing_lines": 0, "excluded_lines": 0}, "missing_lines": [], "excluded_lines": []}, "Simulator.get_radar_targets_as_dicts": {"executed_lines": [182], "summary": {"covered_lines": 1, "num_statements": 1, "percent_covered": 100.0, "percent_covered_display": "100", "missing_lines": 0, "excluded_lines": 0}, "missing_lines": [], "excluded_lines": []}, "": {"executed_lines": [1, 8, 9, 10, 12, 15, 16, 24, 53, 100, 108, 116, 140, 161, 170, 177], "summary": {"covered_lines": 14, "num_statements": 14, "percent_covered": 100.0, "percent_covered_display": "100", "missing_lines": 0, "excluded_lines": 0}, "missing_lines": [], "excluded_lines": []}}, "classes": {"Simulator": {"executed_lines": [26, 27, 28, 31, 34, 35, 36, 39, 40, 41, 42, 43, 44, 47, 50, 51, 61, 62, 65, 68, 69, 70, 71, 72, 74, 76, 77, 80, 81, 82, 85, 86, 90, 91, 92, 93, 94, 95, 98, 102, 103, 104, 105, 106, 110, 111, 112, 113, 114, 118, 120, 121, 123, 124, 125, 135, 137, 138, 145, 146, 148, 149, 150, 151, 152, 154, 155, 157, 159, 163, 164, 165, 166, 167, 168, 172, 173, 174, 182], "summary": {"covered_lines": 79, "num_statements": 79, "percent_covered": 100.0, "percent_covered_display": "100", "missing_lines": 0, "excluded_lines": 0}, "missing_lines": [], "excluded_lines": []}, "": {"executed_lines": [1, 8, 9, 10, 12, 15, 16, 24, 53, 100, 108, 116, 140, 161, 170, 177], "summary": {"covered_lines": 14, "num_statements": 14, "percent_covered": 100.0, "percent_covered_display": "100", "missing_lines": 0, "excluded_lines": 0}, "missing_lines": [], "excluded_lines": []}}}, "an_fsq7_simulator\\state_model.py": {"executed_lines": [1, 12, 13, 14, 21, 22, 23, 24, 25, 26, 27, 28, 29, 30, 31, 32, 33, 34, 35, 36, 37, 38, 41, 42, 43, 44, 48, 49, 50, 51, 52, 55, 56, 57, 58, 59, 60, 61, 62, 63, 64, 65, 66, 67, 68, 69, 70, 71, 72, 73, 74, 76, 78, 79, 80, 83, 84, 85, 86, 87, 88, 89, 96, 97, 98, 99, 100, 101, 102, 105, 106, 107, 108, 109, 110, 111, 112, 115, 116, 117, 118, 119, 120, 121, 122, 129, 130, 131, 132, 133, 134, 135, 136, 139, 140, 141, 142, 143, 144, 145, 152, 153, 154, 155, 156, 157, 158, 161, 162, 163, 164, 165, 166, 167, 168, 175, 176, 177, 178, 179, 180, 181, 182, 189, 190, 191, 192, 193, 194, 201, 202, 203, 204, 205, 206, 207, 208, 209, 210, 211, 212, 213, 214, 217, 218, 219, 221, 222, 225, 226, 229, 230, 233, 234, 237, 238, 239, 242, 245, 247, 249, 250, 251, 254, 255, 257, 259, 266, 268, 289, 301, 309, 320, 323, 324, 325, 326, 329, 330, 333, 352, 353, 356, 357, 358, 359, 360, 361, 362, 364, 366, 369, 394, 395, 396, 397, 398, 399, 400, 401, 402, 403, 404, 405, 406, 408, 411, 412, 413, 414, 415, 416, 417, 418, 419, 421, 423, 426, 445, 448, 451, 452, 453, 454, 455, 456, 457, 458, 459, 460, 461, 462, 463, 464, 465, 466, 471, 489, 491, 492, 493, 494, 495, 496, 498, 501, 506, 507, 508, 509, 510, 511], "summary": {"covered_lines": 237, "num_statements": 238, "percent_covered": 99.5798319327731, "percent_covered_display": "99", "missing_lines": 1, "excluded_lines": 0}, "missing_lines": [468], "excluded_lines": [], "functions": {"Interceptor.__post_init__": {"executed_lines": [78, 79, 80], "summary": {"covered_lines": 3, "num_statements": 3, "percent_covered": 100.0, "percent_covered_display": "100", "missing_lines": 0, "excluded_lines": 0}, "missing_lines": [], "excluded_lines": []}, "ScenarioMetrics.calculate_overall_score": {"executed_lines": [249, 250, 251, 254, 255], "summary": {"covered_lines": 5, "num_statements": 5, "percent_covered": 100.0, "percent_covered_display": "100", "missing_lines": 0, "excluded_lines": 0}, "missing_lines": [], "excluded_lines": []}, "ScenarioMetrics.add_learning_moment": {"executed_lines": [259], "summary": {"covered_lines": 1, "num_statements": 1, "percent_covered": 100.0, "percent_covered_display": "100", "missing_lines": 0, "excluded_lines": 0}, "missing_lines": [], "excluded_lines": []}, "ScenarioMetrics.to_dict": {"executed_lines": [268], "summary": {"covered_lines": 1, "num_statements": 1, "percent_covered": 100.0, "percent_covered_display": "100", "missing_lines": 0, "excluded_lines": 0}, "missing_lines": [], "excluded_lines": []}, "generate_track_features": {"executed_lines": [301], "summary": {"covered_lines": 1, "num_statements": 1, "percent_covered": 100.0, "percent_covered_display": "100", "missing_lines": 0, "excluded_lines": 0}, "missing_lines": [], "excluded_lines": []}, "generate_feature_a": {"executed_lines": [320, 323, 324, 325, 326, 329, 330], "summary": {"covered_lines": 7, "num_statements": 7, "percent_covered": 100.0, "percent_covered_display": "100", "missing_lines": 0, "excluded_lines": 0}, "missing_lines": [], "excluded_lines": []}, "generate_feature_b": {"executed_lines": [352, 353, 356, 357, 358, 359, 360, 361, 362, 364, 366], "summary": {"covered_lines": 11, "num_statements": 11, "percent_covered": 100.0, "percent_covered_display": "100", "missing_lines": 0, "excluded_lines": 0}, "missing_lines": [], "excluded_lines": []}, "generate_feature_c": {"executed_lines": [394, 395, 396, 397, 398, 399, 400, 401, 402, 403, 404, 405, 406, 408, 411, 412, 413, 414, 415, 416, 417, 418, 419, 421, 423], "summary": {"covered_lines": 25, "num_statements": 25, "percent_covered": 100.0, "percent_covered_display": "100", "missing_lines": 0, "excluded_lines": 0}, "missing_lines": [], "excluded_lines": []}, "generate_feature_d": {"executed_lines": [445, 448, 451, 452, 453, 454, 455, 456, 457, 458, 459, 460, 461, 462, 463, 464, 465, 466], "summary": {"covered_lines": 18, "num_statements": 19, "percent_covered": 94.73684210526316, "percent_covered_display": "95", "missing_lines": 1, "excluded_lines": 0}, "missing_lines": [468], "excluded_lines": []}, "calculate_position_mode": {"executed_lines": [489, 491, 492, 493, 494, 495, 496, 498], "summary": {"covered_lines": 8, "num_statements": 8, "percent_covered": 100.0, "percent_covered_display": "100", "missing_lines": 0, "excluded_lines": 0}, "missing_lines": [], "excluded_lines": []}, "update_track_display_features": {"executed_lines": [506, 507, 508, 509, 510, 511], "summary": {"covered_lines": 6, "num_statements": 6, "percent_covered": 100.0, "percent_covered_display": "100", "missing_lines": 0, "excluded_lines": 0}, "missing_lines": [], "excluded_lines": []}, "": {"executed_lines": [1, 12, 13, 14, 21, 22, 23, 24, 25, 26, 27, 28, 29, 30, 31, 32, 33, 34, 35, 36, 37, 38, 41, 42, 43, 44, 48, 49, 50, 51, 52, 55, 56, 57, 58, 59, 60, 61, 62, 63, 64, 65, 66, 67, 68, 69, 70, 71, 72, 73, 74, 76, 83, 84, 85, 86, 87, 88, 89, 96, 97, 98, 99, 100, 101, 102, 105, 106, 107, 108, 109, 110, 111, 112, 115, 116, 117, 118, 119, 120, 121, 122, 129, 130, 131, 132, 133, 134, 135, 136, 139, 140, 141, 142, 143, 144, 145, 152, 153, 154, 155, 156, 157, 158, 161, 162, 163, 164, 165, 166, 167, 168, 175, 176, 177, 178, 179, 180, 181, 182, 189, 190, 191, 192, 193, 194, 201, 202, 203, 204, 205, 206, 207, 208, 209, 210, 211, 212, 213, 214, 217, 218, 219, 221, 222, 225, 226, 229, 230, 233, 234, 237, 238, 239, 242, 245, 247, 257, 266, 289, 309, 333, 369, 426, 471, 501], "summary": {"covered_lines": 151, "num_statements": 151, "percent_covered": 100.0, "percent_covered_display": "100", "missing_lines": 0, "excluded_lines": 0}, "missing_lines": [], "excluded_lines": []}}, "classes": {"Track": {"executed_lines": [], "summary": {"covered_lines": 0, "num_statements": 0, "percent_covered": 100.0, "percent_covered_display": "100", "missing_lines": 0, "excluded_lines": 0}, "missing_lines": [], "excluded_lines": []}, "Interceptor": {"executed_lines": [78, 79, 80], "summary": {"covered_lines": 3, "num_statements": 3, "percent_covered": 100.0, "percent_covered_display": "100", "missing_lines": 0, "excluded_lines": 0}, "missing_lines": [], "excluded_lines": []}, "UIState": {"executed_lines": [], "summary": {"covered_lines": 0, "num_statements": 0, "percent_covered": 100.0, "percent_covered_display": "100", "missing_lines": 0, "excluded_lines": 0}, "missing_lines": [], "excluded_lines": []}, "CpuRegisters": {"executed_lines": [], "summary": {"covered_lines": 0, "num_statements": 0, "percent_covered": 100.0, "percent_covered_display": "100", "missing_lines": 0, "excluded_lines": 0}, "missing_lines": [], "excluded_lines": []}, "ExecutionStep": {"executed_lines": [], "summary": {"covered_lines": 0, "num_statements": 0, "percent_covered": 100.0, "percent_covered_display": "100", "missing_lines": 0, "excluded_lines": 0}, "missing_lines": [], "excluded_lines": []}, "CpuTrace": {"executed_lines": [], "summary": {"covered_lines": 0, "num_statements": 0, "percent_covered": 100.0, "percent_covered_display": "100", "missing_lines": 0, "excluded_lines": 0}, "missing_lines": [], "excluded_lines": []}, "TubeState": {"executed_lines": [], "summary": {"covered_lines": 0, "num_statements": 0, "percent_covered": 100.0, "percent_covered_display": "100", "missing_lines": 0, "excluded_lines": 0}, "missing_lines": [], "excluded_lines": []}, "MaintenanceState": {"executed_lines": [], "summary": {"covered_lines": 0, "num_statements": 0, "percent_covered": 100.0, "percent_covered_display": "100", "missing_lines": 0, "excluded_lines": 0}, "missing_lines": [], "excluded_lines": []}, "MissionStep": {"executed_lines": [], "summary": {"covered_lines": 0, "num_statements": 0, "percent_covered": 100.0, "percent_covered_display": "100", "missing_lines": 0, "excluded_lines": 0}, "missing_lines": [], "excluded_lines": []}, "Mission": {"executed_lines": [], "summary": {"covered_lines": 0, "num_statements": 0, "percent_covered": 100.0, "percent_covered_display": "100", "missing_lines": 0, "excluded_lines": 0}, "missing_lines": [], "excluded_lines": []}, "SystemMessage": {"executed_lines": [], "summary": {"covered_lines": 0, "num_statements": 0, "percent_covered": 100.0, "percent_covered_display": "100", "missing_lines": 0, "excluded_lines": 0}, "missing_lines": [], "excluded_lines": []}, "GeographicFeature": {"executed_lines": [], "summary": {"covered_lines": 0, "num_statements": 0, "percent_covered": 100.0, "percent_covered_display": "100", "missing_lines": 0, "excluded_lines": 0}, "missing_lines": [], "excluded_lines": []}, "ScenarioDefinition": {"executed_lines": [], "summary": {"covered_lines": 0, "num_statements": 0, "percent_covered": 100.0, "percent_covered_display": "100", "missing_lines": 0, "excluded_lines": 0}, "missing_lines": [], "excluded_lines": []}, "ScenarioMetrics": {"executed_lines": [249, 250, 251, 254, 255, 259, 268], "summary": {"covered_lines": 7, "num_statements": 7, "percent_covered": 100.0, "percent_covered_display": "100", "missing_lines": 0, "excluded_lines": 0}, "missing_lines": [], "excluded_lines": []}, "": {"executed_lines": [1, 12, 13, 14, 21, 22, 23, 24, 25, 26, 27, 28, 29, 30, 31, 32, 33, 34, 35, 36, 37, 38, 41, 42, 43, 44, 48, 49, 50, 51, 52, 55, 56, 57, 58, 59, 60, 61, 62, 63, 64, 65, 66, 67, 68, 69, 70, 71, 72, 73, 74, 76, 83, 84, 85, 86, 87, 88, 89, 96, 97, 98, 99, 100, 101, 102, 105, 106, 107, 108, 109, 110, 111, 112, 115, 116, 117, 118, 119, 120, 121, 122, 129, 130, 131, 132, 133, 134, 135, 136, 139, 140, 141, 142, 143, 144, 145, 152, 153, 154, 155, 156, 157, 158, 161, 162, 163, 164, 165, 166, 167, 168, 175, 176, 177, 178, 179, 180, 181, 182, 189, 190, 191, 192, 193, 194, 201, 202, 203, 204, 205, 206, 207, 208, 209, 210, 211, 212, 213, 214, 217, 218, 219, 221, 222, 225, 226, 229, 230, 233, 234, 237, 238, 239, 242, 245, 247, 257, 266, 289, 301, 309, 320, 323, 324, 325, 326, 329, 330, 333, 352, 353, 356, 357, 358, 359, 360, 361, 362, 364, 366, 369, 394, 395, 396, 397, 398, 399, 400, 401, 402, 403, 404, 405, 406, 408, 411, 412, 413, 414, 415, 416, 417, 418, 419, 421, 423, 426, 445, 448, 451, 452, 453, 454, 455, 456, 457, 458, 459, 460, 461, 462, 463, 464, 465, 466, 471, 489, 491, 492, 493, 494, 495, 496, 498, 501, 506, 507, 508, 509, 510, 511], "summary": {"covered_lines": 227, "num_statements": 228, "percent_covered": 99.56140350877193, "percent_covered_display": "99", "missing_lines": 1, "excluded_lines": 0}, "missing_lines": [468], "excluded_lines": []}}}}, "totals": {"covered_lines": 984, "num_statements": 3290, "percent_covered": 29.908814589665653, "percent_covered_display": "30", "missing_lines": 2306, "excluded_lines": 2}}